{"F:\\midfield-ai\\src\\components\\AccessibilityBar.jsx": {"path":"F:\\midfield-ai\\src\\components\\AccessibilityBar.jsx","statementMap":{"0":{"start":{"line":7,"column":18},"end":{"line":16,"column":null}},"1":{"start":{"line":19,"column":2},"end":{"line":30,"column":null}},"2":{"start":{"line":42,"column":22},"end":{"line":42,"column":null}},"3":{"start":{"line":42,"column":42},"end":{"line":42,"column":61}},"4":{"start":{"line":44,"column":2},"end":{"line":115,"column":null}},"5":{"start":{"line":72,"column":23},"end":{"line":72,"column":null}},"6":{"start":{"line":78,"column":23},"end":{"line":78,"column":null}},"7":{"start":{"line":84,"column":23},"end":{"line":84,"column":null}},"8":{"start":{"line":106,"column":12},"end":{"line":111,"column":null}}},"fnMap":{"0":{"name":"ToggleBtn","decl":{"start":{"line":18,"column":9},"end":{"line":18,"column":19}},"loc":{"start":{"line":18,"column":59},"end":{"line":32,"column":null}},"line":18},"1":{"name":"AccessibilityBar","decl":{"start":{"line":34,"column":24},"end":{"line":34,"column":41}},"loc":{"start":{"line":41,"column":3},"end":{"line":117,"column":null}},"line":41},"2":{"name":"(anonymous_2)","decl":{"start":{"line":42,"column":32},"end":{"line":42,"column":37}},"loc":{"start":{"line":42,"column":42},"end":{"line":42,"column":61}},"line":42},"3":{"name":"(anonymous_3)","decl":{"start":{"line":72,"column":8},"end":{"line":72,"column":23}},"loc":{"start":{"line":72,"column":23},"end":{"line":72,"column":null}},"line":72},"4":{"name":"(anonymous_4)","decl":{"start":{"line":78,"column":8},"end":{"line":78,"column":23}},"loc":{"start":{"line":78,"column":23},"end":{"line":78,"column":null}},"line":78},"5":{"name":"(anonymous_5)","decl":{"start":{"line":84,"column":8},"end":{"line":84,"column":23}},"loc":{"start":{"line":84,"column":23},"end":{"line":84,"column":null}},"line":84},"6":{"name":"(anonymous_6)","decl":{"start":{"line":105,"column":21},"end":{"line":105,"column":25}},"loc":{"start":{"line":106,"column":12},"end":{"line":111,"column":null}},"line":106}},"branchMap":{"0":{"loc":{"start":{"line":25,"column":8},"end":{"line":25,"column":null}},"type":"cond-expr","locations":[{"start":{"line":25,"column":17},"end":{"line":25,"column":94}},{"start":{"line":25,"column":94},"end":{"line":25,"column":null}}],"line":25},"1":{"loc":{"start":{"line":42,"column":22},"end":{"line":42,"column":null}},"type":"binary-expr","locations":[{"start":{"line":42,"column":22},"end":{"line":42,"column":66}},{"start":{"line":42,"column":66},"end":{"line":42,"column":null}}],"line":42}},"s":{"0":1,"1":0,"2":0,"3":0,"4":0,"5":0,"6":0,"7":0,"8":0},"f":{"0":0,"1":0,"2":0,"3":0,"4":0,"5":0,"6":0},"b":{"0":[0,0],"1":[0,0]},"meta":{"lastBranch":2,"lastFunction":7,"lastStatement":9,"seen":{"s:7:18:16:Infinity":0,"f:18:9:18:19":0,"s:19:2:30:Infinity":1,"b:25:17:25:94:25:94:25:Infinity":0,"f:34:24:34:41":1,"s:42:22:42:Infinity":2,"b:42:22:42:66:42:66:42:Infinity":1,"f:42:32:42:37":2,"s:42:42:42:61":3,"s:44:2:115:Infinity":4,"f:72:8:72:23":3,"s:72:23:72:Infinity":5,"f:78:8:78:23":4,"s:78:23:78:Infinity":6,"f:84:8:84:23":5,"s:84:23:84:Infinity":7,"f:105:21:105:25":6,"s:106:12:111:Infinity":8},"fnNames":{}}}
,"F:\\midfield-ai\\src\\components\\LiveMatchCenter.jsx": {"path":"F:\\midfield-ai\\src\\components\\LiveMatchCenter.jsx","statementMap":{"0":{"start":{"line":6,"column":26},"end":{"line":12,"column":null}},"1":{"start":{"line":15,"column":34},"end":{"line":15,"column":null}},"2":{"start":{"line":16,"column":30},"end":{"line":16,"column":null}},"3":{"start":{"line":17,"column":38},"end":{"line":17,"column":null}},"4":{"start":{"line":19,"column":2},"end":{"line":54,"column":null}},"5":{"start":{"line":20,"column":4},"end":{"line":20,"column":null}},"6":{"start":{"line":20,"column":17},"end":{"line":20,"column":null}},"7":{"start":{"line":22,"column":21},"end":{"line":48,"column":null}},"8":{"start":{"line":23,"column":6},"end":{"line":47,"column":null}},"9":{"start":{"line":24,"column":25},"end":{"line":24,"column":null}},"10":{"start":{"line":27,"column":8},"end":{"line":27,"column":null}},"11":{"start":{"line":27,"column":28},"end":{"line":27,"column":59}},"12":{"start":{"line":28,"column":8},"end":{"line":28,"column":null}},"13":{"start":{"line":28,"column":32},"end":{"line":28,"column":40}},"14":{"start":{"line":31,"column":8},"end":{"line":44,"column":null}},"15":{"start":{"line":32,"column":30},"end":{"line":34,"column":null}},"16":{"start":{"line":36,"column":28},"end":{"line":36,"column":null}},"17":{"start":{"line":39,"column":10},"end":{"line":41,"column":null}},"18":{"start":{"line":43,"column":10},"end":{"line":43,"column":null}},"19":{"start":{"line":46,"column":8},"end":{"line":46,"column":null}},"20":{"start":{"line":50,"column":4},"end":{"line":53,"column":null}},"21":{"start":{"line":51,"column":6},"end":{"line":51,"column":null}},"22":{"start":{"line":52,"column":6},"end":{"line":52,"column":null}},"23":{"start":{"line":56,"column":2},"end":{"line":56,"column":null}},"24":{"start":{"line":56,"column":15},"end":{"line":56,"column":null}},"25":{"start":{"line":58,"column":2},"end":{"line":101,"column":null}},"26":{"start":{"line":80,"column":12},"end":{"line":90,"column":null}}},"fnMap":{"0":{"name":"LiveMatchCenter","decl":{"start":{"line":14,"column":24},"end":{"line":14,"column":40}},"loc":{"start":{"line":14,"column":57},"end":{"line":103,"column":null}},"line":14},"1":{"name":"(anonymous_1)","decl":{"start":{"line":19,"column":2},"end":{"line":19,"column":18}},"loc":{"start":{"line":19,"column":18},"end":{"line":54,"column":5}},"line":19},"2":{"name":"(anonymous_2)","decl":{"start":{"line":22,"column":21},"end":{"line":22,"column":39}},"loc":{"start":{"line":22,"column":39},"end":{"line":48,"column":7}},"line":22},"3":{"name":"(anonymous_3)","decl":{"start":{"line":27,"column":8},"end":{"line":27,"column":19}},"loc":{"start":{"line":27,"column":28},"end":{"line":27,"column":59}},"line":27},"4":{"name":"(anonymous_4)","decl":{"start":{"line":28,"column":8},"end":{"line":28,"column":23}},"loc":{"start":{"line":28,"column":32},"end":{"line":28,"column":40}},"line":28},"5":{"name":"(anonymous_5)","decl":{"start":{"line":50,"column":4},"end":{"line":50,"column":17}},"loc":{"start":{"line":50,"column":17},"end":{"line":53,"column":null}},"line":50},"6":{"name":"(anonymous_6)","decl":{"start":{"line":79,"column":17},"end":{"line":79,"column":22}},"loc":{"start":{"line":80,"column":12},"end":{"line":90,"column":null}},"line":80}},"branchMap":{"0":{"loc":{"start":{"line":20,"column":4},"end":{"line":20,"column":null}},"type":"if","locations":[{"start":{"line":20,"column":4},"end":{"line":20,"column":null}},{"start":{},"end":{}}],"line":20},"1":{"loc":{"start":{"line":23,"column":6},"end":{"line":47,"column":null}},"type":"if","locations":[{"start":{"line":23,"column":6},"end":{"line":47,"column":null}},{"start":{"line":45,"column":13},"end":{"line":47,"column":null}}],"line":23},"2":{"loc":{"start":{"line":31,"column":8},"end":{"line":44,"column":null}},"type":"if","locations":[{"start":{"line":31,"column":8},"end":{"line":44,"column":null}},{"start":{},"end":{}}],"line":31},"3":{"loc":{"start":{"line":31,"column":12},"end":{"line":31,"column":54}},"type":"binary-expr","locations":[{"start":{"line":31,"column":12},"end":{"line":31,"column":25}},{"start":{"line":31,"column":25},"end":{"line":31,"column":54}}],"line":31},"4":{"loc":{"start":{"line":32,"column":30},"end":{"line":34,"column":null}},"type":"cond-expr","locations":[{"start":{"line":32,"column":50},"end":{"line":32,"column":null}},{"start":{"line":33,"column":30},"end":{"line":34,"column":null}}],"line":32},"5":{"loc":{"start":{"line":33,"column":30},"end":{"line":34,"column":null}},"type":"cond-expr","locations":[{"start":{"line":33,"column":50},"end":{"line":33,"column":null}},{"start":{"line":34,"column":30},"end":{"line":34,"column":null}}],"line":33},"6":{"loc":{"start":{"line":39,"column":27},"end":{"line":41,"column":null}},"type":"cond-expr","locations":[{"start":{"line":39,"column":47},"end":{"line":39,"column":null}},{"start":{"line":40,"column":27},"end":{"line":41,"column":null}}],"line":39},"7":{"loc":{"start":{"line":40,"column":27},"end":{"line":41,"column":null}},"type":"cond-expr","locations":[{"start":{"line":40,"column":47},"end":{"line":40,"column":null}},{"start":{"line":41,"column":27},"end":{"line":41,"column":null}}],"line":40},"8":{"loc":{"start":{"line":56,"column":2},"end":{"line":56,"column":null}},"type":"if","locations":[{"start":{"line":56,"column":2},"end":{"line":56,"column":null}},{"start":{},"end":{}}],"line":56},"9":{"loc":{"start":{"line":68,"column":9},"end":{"line":73,"column":null}},"type":"binary-expr","locations":[{"start":{"line":68,"column":9},"end":{"line":68,"column":null}},{"start":{"line":69,"column":10},"end":{"line":73,"column":null}}],"line":68},"10":{"loc":{"start":{"line":76,"column":9},"end":{"line":91,"column":null}},"type":"cond-expr","locations":[{"start":{"line":77,"column":10},"end":{"line":79,"column":17}},{"start":{"line":79,"column":10},"end":{"line":91,"column":null}}],"line":76},"11":{"loc":{"start":{"line":83,"column":34},"end":{"line":83,"column":53}},"type":"cond-expr","locations":[{"start":{"line":83,"column":44},"end":{"line":83,"column":48}},{"start":{"line":83,"column":48},"end":{"line":83,"column":53}}],"line":83},"12":{"loc":{"start":{"line":84,"column":66},"end":{"line":84,"column":null}},"type":"cond-expr","locations":[{"start":{"line":84,"column":76},"end":{"line":84,"column":154}},{"start":{"line":84,"column":154},"end":{"line":84,"column":null}}],"line":84},"13":{"loc":{"start":{"line":87,"column":41},"end":{"line":87,"column":null}},"type":"cond-expr","locations":[{"start":{"line":87,"column":51},"end":{"line":87,"column":98}},{"start":{"line":87,"column":98},"end":{"line":87,"column":null}}],"line":87},"14":{"loc":{"start":{"line":88,"column":17},"end":{"line":88,"column":null}},"type":"cond-expr","locations":[{"start":{"line":88,"column":37},"end":{"line":88,"column":45}},{"start":{"line":88,"column":45},"end":{"line":88,"column":null}}],"line":88},"15":{"loc":{"start":{"line":88,"column":45},"end":{"line":88,"column":null}},"type":"cond-expr","locations":[{"start":{"line":88,"column":65},"end":{"line":88,"column":73}},{"start":{"line":88,"column":73},"end":{"line":88,"column":null}}],"line":88},"16":{"loc":{"start":{"line":95,"column":7},"end":{"line":99,"column":null}},"type":"binary-expr","locations":[{"start":{"line":95,"column":7},"end":{"line":95,"column":null}},{"start":{"line":96,"column":8},"end":{"line":99,"column":null}}],"line":95}},"s":{"0":2,"1":0,"2":0,"3":0,"4":0,"5":0,"6":0,"7":0,"8":0,"9":0,"10":0,"11":0,"12":0,"13":0,"14":0,"15":0,"16":0,"17":0,"18":0,"19":0,"20":0,"21":0,"22":0,"23":0,"24":0,"25":0,"26":0},"f":{"0":0,"1":0,"2":0,"3":0,"4":0,"5":0,"6":0},"b":{"0":[0,0],"1":[0,0],"2":[0,0],"3":[0,0],"4":[0,0],"5":[0,0],"6":[0,0],"7":[0,0],"8":[0,0],"9":[0,0],"10":[0,0],"11":[0,0],"12":[0,0],"13":[0,0],"14":[0,0],"15":[0,0],"16":[0,0]},"meta":{"lastBranch":17,"lastFunction":7,"lastStatement":27,"seen":{"s:6:26:12:Infinity":0,"f:14:24:14:40":0,"s:15:34:15:Infinity":1,"s:16:30:16:Infinity":2,"s:17:38:17:Infinity":3,"s:19:2:54:Infinity":4,"f:19:2:19:18":1,"b:20:4:20:Infinity:undefined:undefined:undefined:undefined":0,"s:20:4:20:Infinity":5,"s:20:17:20:Infinity":6,"s:22:21:48:Infinity":7,"f:22:21:22:39":2,"b:23:6:47:Infinity:45:13:47:Infinity":1,"s:23:6:47:Infinity":8,"s:24:25:24:Infinity":9,"s:27:8:27:Infinity":10,"f:27:8:27:19":3,"s:27:28:27:59":11,"s:28:8:28:Infinity":12,"f:28:8:28:23":4,"s:28:32:28:40":13,"b:31:8:44:Infinity:undefined:undefined:undefined:undefined":2,"s:31:8:44:Infinity":14,"b:31:12:31:25:31:25:31:54":3,"s:32:30:34:Infinity":15,"b:32:50:32:Infinity:33:30:34:Infinity":4,"b:33:50:33:Infinity:34:30:34:Infinity":5,"s:36:28:36:Infinity":16,"s:39:10:41:Infinity":17,"b:39:47:39:Infinity:40:27:41:Infinity":6,"b:40:47:40:Infinity:41:27:41:Infinity":7,"s:43:10:43:Infinity":18,"s:46:8:46:Infinity":19,"s:50:4:53:Infinity":20,"f:50:4:50:17":5,"s:51:6:51:Infinity":21,"s:52:6:52:Infinity":22,"b:56:2:56:Infinity:undefined:undefined:undefined:undefined":8,"s:56:2:56:Infinity":23,"s:56:15:56:Infinity":24,"s:58:2:101:Infinity":25,"b:68:9:68:Infinity:69:10:73:Infinity":9,"b:77:10:79:17:79:10:91:Infinity":10,"f:79:17:79:22":6,"s:80:12:90:Infinity":26,"b:83:44:83:48:83:48:83:53":11,"b:84:76:84:154:84:154:84:Infinity":12,"b:87:51:87:98:87:98:87:Infinity":13,"b:88:37:88:45:88:45:88:Infinity":14,"b:88:65:88:73:88:73:88:Infinity":15,"b:95:7:95:Infinity:96:8:99:Infinity":16},"fnNames":{}}}
,"F:\\midfield-ai\\src\\components\\LiveTrafficVisualizer.jsx": {"path":"F:\\midfield-ai\\src\\components\\LiveTrafficVisualizer.jsx","statementMap":{"0":{"start":{"line":4,"column":23},"end":{"line":18,"column":null}},"1":{"start":{"line":21,"column":20},"end":{"line":21,"column":null}},"2":{"start":{"line":22,"column":36},"end":{"line":22,"column":null}},"3":{"start":{"line":24,"column":2},"end":{"line":48,"column":null}},"4":{"start":{"line":26,"column":21},"end":{"line":45,"column":null}},"5":{"start":{"line":27,"column":21},"end":{"line":27,"column":null}},"6":{"start":{"line":28,"column":19},"end":{"line":28,"column":null}},"7":{"start":{"line":30,"column":24},"end":{"line":30,"column":null}},"8":{"start":{"line":31,"column":22},"end":{"line":31,"column":null}},"9":{"start":{"line":33,"column":20},"end":{"line":33,"column":null}},"10":{"start":{"line":35,"column":6},"end":{"line":44,"column":null}},"11":{"start":{"line":36,"column":8},"end":{"line":43,"column":null}},"12":{"start":{"line":36,"column":29},"end":{"line":43,"column":10}},"13":{"start":{"line":47,"column":4},"end":{"line":47,"column":null}},"14":{"start":{"line":47,"column":17},"end":{"line":47,"column":null}},"15":{"start":{"line":50,"column":2},"end":{"line":150,"column":null}},"16":{"start":{"line":52,"column":19},"end":{"line":52,"column":null}},"17":{"start":{"line":53,"column":16},"end":{"line":53,"column":null}},"18":{"start":{"line":55,"column":10},"end":{"line":145,"column":null}},"19":{"start":{"line":56,"column":6},"end":{"line":56,"column":null}},"20":{"start":{"line":59,"column":6},"end":{"line":59,"column":null}},"21":{"start":{"line":60,"column":6},"end":{"line":60,"column":null}},"22":{"start":{"line":61,"column":6},"end":{"line":70,"column":null}},"23":{"start":{"line":62,"column":19},"end":{"line":62,"column":null}},"24":{"start":{"line":63,"column":19},"end":{"line":63,"column":null}},"25":{"start":{"line":64,"column":8},"end":{"line":69,"column":null}},"26":{"start":{"line":65,"column":10},"end":{"line":65,"column":null}},"27":{"start":{"line":66,"column":10},"end":{"line":66,"column":null}},"28":{"start":{"line":67,"column":10},"end":{"line":67,"column":null}},"29":{"start":{"line":68,"column":10},"end":{"line":68,"column":null}},"30":{"start":{"line":73,"column":6},"end":{"line":112,"column":null}},"31":{"start":{"line":75,"column":24},"end":{"line":75,"column":null}},"32":{"start":{"line":76,"column":21},"end":{"line":76,"column":null}},"33":{"start":{"line":78,"column":8},"end":{"line":97,"column":null}},"34":{"start":{"line":79,"column":27},"end":{"line":79,"column":null}},"35":{"start":{"line":80,"column":26},"end":{"line":80,"column":null}},"36":{"start":{"line":80,"column":46},"end":{"line":80,"column":65}},"37":{"start":{"line":81,"column":10},"end":{"line":83,"column":null}},"38":{"start":{"line":81,"column":29},"end":{"line":81,"column":null}},"39":{"start":{"line":82,"column":15},"end":{"line":83,"column":null}},"40":{"start":{"line":82,"column":34},"end":{"line":82,"column":null}},"41":{"start":{"line":83,"column":15},"end":{"line":83,"column":null}},"42":{"start":{"line":84,"column":10},"end":{"line":84,"column":null}},"43":{"start":{"line":85,"column":15},"end":{"line":97,"column":null}},"44":{"start":{"line":86,"column":10},"end":{"line":86,"column":null}},"45":{"start":{"line":87,"column":10},"end":{"line":87,"column":null}},"46":{"start":{"line":88,"column":15},"end":{"line":97,"column":null}},"47":{"start":{"line":89,"column":10},"end":{"line":89,"column":null}},"48":{"start":{"line":90,"column":10},"end":{"line":90,"column":null}},"49":{"start":{"line":91,"column":15},"end":{"line":97,"column":null}},"50":{"start":{"line":92,"column":10},"end":{"line":92,"column":null}},"51":{"start":{"line":93,"column":10},"end":{"line":93,"column":null}},"52":{"start":{"line":94,"column":15},"end":{"line":97,"column":null}},"53":{"start":{"line":95,"column":10},"end":{"line":95,"column":null}},"54":{"start":{"line":96,"column":10},"end":{"line":96,"column":null}},"55":{"start":{"line":99,"column":8},"end":{"line":99,"column":null}},"56":{"start":{"line":100,"column":8},"end":{"line":100,"column":null}},"57":{"start":{"line":101,"column":8},"end":{"line":101,"column":null}},"58":{"start":{"line":102,"column":8},"end":{"line":102,"column":null}},"59":{"start":{"line":103,"column":8},"end":{"line":103,"column":null}},"60":{"start":{"line":104,"column":8},"end":{"line":104,"column":null}},"61":{"start":{"line":105,"column":8},"end":{"line":105,"column":null}},"62":{"start":{"line":108,"column":8},"end":{"line":108,"column":null}},"63":{"start":{"line":109,"column":8},"end":{"line":109,"column":null}},"64":{"start":{"line":110,"column":8},"end":{"line":110,"column":null}},"65":{"start":{"line":111,"column":8},"end":{"line":111,"column":null}},"66":{"start":{"line":115,"column":6},"end":{"line":142,"column":null}},"67":{"start":{"line":116,"column":30},"end":{"line":116,"column":null}},"68":{"start":{"line":117,"column":8},"end":{"line":140,"column":null}},"69":{"start":{"line":118,"column":10},"end":{"line":118,"column":null}},"70":{"start":{"line":119,"column":10},"end":{"line":122,"column":null}},"71":{"start":{"line":120,"column":12},"end":{"line":120,"column":null}},"72":{"start":{"line":121,"column":12},"end":{"line":121,"column":null}},"73":{"start":{"line":124,"column":10},"end":{"line":139,"column":null}},"74":{"start":{"line":125,"column":23},"end":{"line":125,"column":null}},"75":{"start":{"line":126,"column":23},"end":{"line":126,"column":null}},"76":{"start":{"line":128,"column":12},"end":{"line":138,"column":null}},"77":{"start":{"line":129,"column":24},"end":{"line":129,"column":null}},"78":{"start":{"line":130,"column":24},"end":{"line":130,"column":null}},"79":{"start":{"line":132,"column":14},"end":{"line":132,"column":null}},"80":{"start":{"line":133,"column":14},"end":{"line":133,"column":null}},"81":{"start":{"line":134,"column":14},"end":{"line":134,"column":null}},"82":{"start":{"line":135,"column":14},"end":{"line":135,"column":null}},"83":{"start":{"line":137,"column":14},"end":{"line":137,"column":null}},"84":{"start":{"line":141,"column":8},"end":{"line":141,"column":null}},"85":{"start":{"line":144,"column":6},"end":{"line":144,"column":null}},"86":{"start":{"line":147,"column":4},"end":{"line":147,"column":null}},"87":{"start":{"line":149,"column":4},"end":{"line":149,"column":null}},"88":{"start":{"line":149,"column":17},"end":{"line":149,"column":null}},"89":{"start":{"line":152,"column":2},"end":{"line":165,"column":null}}},"fnMap":{"0":{"name":"LiveTrafficVisualizer","decl":{"start":{"line":20,"column":24},"end":{"line":20,"column":46}},"loc":{"start":{"line":20,"column":66},"end":{"line":167,"column":null}},"line":20},"1":{"name":"(anonymous_1)","decl":{"start":{"line":24,"column":2},"end":{"line":24,"column":18}},"loc":{"start":{"line":24,"column":18},"end":{"line":48,"column":5}},"line":24},"2":{"name":"(anonymous_2)","decl":{"start":{"line":26,"column":21},"end":{"line":26,"column":39}},"loc":{"start":{"line":26,"column":39},"end":{"line":45,"column":7}},"line":26},"3":{"name":"(anonymous_3)","decl":{"start":{"line":36,"column":8},"end":{"line":36,"column":21}},"loc":{"start":{"line":36,"column":29},"end":{"line":43,"column":10}},"line":36},"4":{"name":"(anonymous_4)","decl":{"start":{"line":47,"column":4},"end":{"line":47,"column":17}},"loc":{"start":{"line":47,"column":17},"end":{"line":47,"column":null}},"line":47},"5":{"name":"(anonymous_5)","decl":{"start":{"line":50,"column":2},"end":{"line":50,"column":18}},"loc":{"start":{"line":50,"column":18},"end":{"line":150,"column":5}},"line":50},"6":{"name":"(anonymous_6)","decl":{"start":{"line":55,"column":10},"end":{"line":55,"column":25}},"loc":{"start":{"line":55,"column":25},"end":{"line":145,"column":null}},"line":55},"7":{"name":"(anonymous_7)","decl":{"start":{"line":61,"column":26},"end":{"line":61,"column":34}},"loc":{"start":{"line":61,"column":42},"end":{"line":70,"column":7}},"line":61},"8":{"name":"(anonymous_8)","decl":{"start":{"line":73,"column":37},"end":{"line":73,"column":46}},"loc":{"start":{"line":73,"column":64},"end":{"line":112,"column":7}},"line":73},"9":{"name":"(anonymous_9)","decl":{"start":{"line":80,"column":36},"end":{"line":80,"column":41}},"loc":{"start":{"line":80,"column":46},"end":{"line":80,"column":65}},"line":80},"10":{"name":"(anonymous_10)","decl":{"start":{"line":115,"column":6},"end":{"line":115,"column":19}},"loc":{"start":{"line":115,"column":27},"end":{"line":142,"column":7}},"line":115},"11":{"name":"(anonymous_11)","decl":{"start":{"line":117,"column":13},"end":{"line":117,"column":21}},"loc":{"start":{"line":117,"column":26},"end":{"line":140,"column":9}},"line":117},"12":{"name":"(anonymous_12)","decl":{"start":{"line":149,"column":4},"end":{"line":149,"column":17}},"loc":{"start":{"line":149,"column":17},"end":{"line":149,"column":null}},"line":149}},"branchMap":{"0":{"loc":{"start":{"line":20,"column":48},"end":{"line":20,"column":66}},"type":"default-arg","locations":[{"start":{"line":20,"column":60},"end":{"line":20,"column":66}}],"line":20},"1":{"loc":{"start":{"line":35,"column":6},"end":{"line":44,"column":null}},"type":"if","locations":[{"start":{"line":35,"column":6},"end":{"line":44,"column":null}},{"start":{},"end":{}}],"line":35},"2":{"loc":{"start":{"line":35,"column":10},"end":{"line":35,"column":42}},"type":"binary-expr","locations":[{"start":{"line":35,"column":10},"end":{"line":35,"column":19}},{"start":{"line":35,"column":19},"end":{"line":35,"column":42}}],"line":35},"3":{"loc":{"start":{"line":42,"column":17},"end":{"line":42,"column":null}},"type":"cond-expr","locations":[{"start":{"line":42,"column":46},"end":{"line":42,"column":58}},{"start":{"line":42,"column":58},"end":{"line":42,"column":null}}],"line":42},"4":{"loc":{"start":{"line":64,"column":8},"end":{"line":69,"column":null}},"type":"if","locations":[{"start":{"line":64,"column":8},"end":{"line":69,"column":null}},{"start":{},"end":{}}],"line":64},"5":{"loc":{"start":{"line":64,"column":12},"end":{"line":64,"column":22}},"type":"binary-expr","locations":[{"start":{"line":64,"column":12},"end":{"line":64,"column":18}},{"start":{"line":64,"column":18},"end":{"line":64,"column":22}}],"line":64},"6":{"loc":{"start":{"line":78,"column":8},"end":{"line":97,"column":null}},"type":"if","locations":[{"start":{"line":78,"column":8},"end":{"line":97,"column":null}},{"start":{"line":85,"column":15},"end":{"line":97,"column":null}}],"line":78},"7":{"loc":{"start":{"line":80,"column":26},"end":{"line":80,"column":null}},"type":"binary-expr","locations":[{"start":{"line":80,"column":26},"end":{"line":80,"column":79}},{"start":{"line":80,"column":79},"end":{"line":80,"column":null}}],"line":80},"8":{"loc":{"start":{"line":81,"column":10},"end":{"line":83,"column":null}},"type":"if","locations":[{"start":{"line":81,"column":10},"end":{"line":83,"column":null}},{"start":{"line":82,"column":15},"end":{"line":83,"column":null}}],"line":81},"9":{"loc":{"start":{"line":82,"column":15},"end":{"line":83,"column":null}},"type":"if","locations":[{"start":{"line":82,"column":15},"end":{"line":83,"column":null}},{"start":{"line":83,"column":15},"end":{"line":83,"column":null}}],"line":82},"10":{"loc":{"start":{"line":85,"column":15},"end":{"line":97,"column":null}},"type":"if","locations":[{"start":{"line":85,"column":15},"end":{"line":97,"column":null}},{"start":{"line":88,"column":15},"end":{"line":97,"column":null}}],"line":85},"11":{"loc":{"start":{"line":88,"column":15},"end":{"line":97,"column":null}},"type":"if","locations":[{"start":{"line":88,"column":15},"end":{"line":97,"column":null}},{"start":{"line":91,"column":15},"end":{"line":97,"column":null}}],"line":88},"12":{"loc":{"start":{"line":91,"column":15},"end":{"line":97,"column":null}},"type":"if","locations":[{"start":{"line":91,"column":15},"end":{"line":97,"column":null}},{"start":{"line":94,"column":15},"end":{"line":97,"column":null}}],"line":91},"13":{"loc":{"start":{"line":94,"column":15},"end":{"line":97,"column":null}},"type":"if","locations":[{"start":{"line":94,"column":15},"end":{"line":97,"column":null}},{"start":{},"end":{}}],"line":94},"14":{"loc":{"start":{"line":111,"column":21},"end":{"line":111,"column":53}},"type":"binary-expr","locations":[{"start":{"line":111,"column":21},"end":{"line":111,"column":45}},{"start":{"line":111,"column":45},"end":{"line":111,"column":53}}],"line":111},"15":{"loc":{"start":{"line":119,"column":10},"end":{"line":122,"column":null}},"type":"if","locations":[{"start":{"line":119,"column":10},"end":{"line":122,"column":null}},{"start":{},"end":{}}],"line":119},"16":{"loc":{"start":{"line":124,"column":10},"end":{"line":139,"column":null}},"type":"if","locations":[{"start":{"line":124,"column":10},"end":{"line":139,"column":null}},{"start":{},"end":{}}],"line":124},"17":{"loc":{"start":{"line":128,"column":12},"end":{"line":138,"column":null}},"type":"if","locations":[{"start":{"line":128,"column":12},"end":{"line":138,"column":null}},{"start":{},"end":{}}],"line":128},"18":{"loc":{"start":{"line":128,"column":16},"end":{"line":128,"column":26}},"type":"binary-expr","locations":[{"start":{"line":128,"column":16},"end":{"line":128,"column":22}},{"start":{"line":128,"column":22},"end":{"line":128,"column":26}}],"line":128}},"s":{"0":2,"1":0,"2":0,"3":0,"4":0,"5":0,"6":0,"7":0,"8":0,"9":0,"10":0,"11":0,"12":0,"13":0,"14":0,"15":0,"16":0,"17":0,"18":0,"19":0,"20":0,"21":0,"22":0,"23":0,"24":0,"25":0,"26":0,"27":0,"28":0,"29":0,"30":0,"31":0,"32":0,"33":0,"34":0,"35":0,"36":0,"37":0,"38":0,"39":0,"40":0,"41":0,"42":0,"43":0,"44":0,"45":0,"46":0,"47":0,"48":0,"49":0,"50":0,"51":0,"52":0,"53":0,"54":0,"55":0,"56":0,"57":0,"58":0,"59":0,"60":0,"61":0,"62":0,"63":0,"64":0,"65":0,"66":0,"67":0,"68":0,"69":0,"70":0,"71":0,"72":0,"73":0,"74":0,"75":0,"76":0,"77":0,"78":0,"79":0,"80":0,"81":0,"82":0,"83":0,"84":0,"85":0,"86":0,"87":0,"88":0,"89":0},"f":{"0":0,"1":0,"2":0,"3":0,"4":0,"5":0,"6":0,"7":0,"8":0,"9":0,"10":0,"11":0,"12":0},"b":{"0":[0],"1":[0,0],"2":[0,0],"3":[0,0],"4":[0,0],"5":[0,0],"6":[0,0],"7":[0,0],"8":[0,0],"9":[0,0],"10":[0,0],"11":[0,0],"12":[0,0],"13":[0,0],"14":[0,0],"15":[0,0],"16":[0,0],"17":[0,0],"18":[0,0]},"meta":{"lastBranch":19,"lastFunction":13,"lastStatement":90,"seen":{"s:4:23:18:Infinity":0,"f:20:24:20:46":0,"b:20:60:20:66":0,"s:21:20:21:Infinity":1,"s:22:36:22:Infinity":2,"s:24:2:48:Infinity":3,"f:24:2:24:18":1,"s:26:21:45:Infinity":4,"f:26:21:26:39":2,"s:27:21:27:Infinity":5,"s:28:19:28:Infinity":6,"s:30:24:30:Infinity":7,"s:31:22:31:Infinity":8,"s:33:20:33:Infinity":9,"b:35:6:44:Infinity:undefined:undefined:undefined:undefined":1,"s:35:6:44:Infinity":10,"b:35:10:35:19:35:19:35:42":2,"s:36:8:43:Infinity":11,"f:36:8:36:21":3,"s:36:29:43:10":12,"b:42:46:42:58:42:58:42:Infinity":3,"s:47:4:47:Infinity":13,"f:47:4:47:17":4,"s:47:17:47:Infinity":14,"s:50:2:150:Infinity":15,"f:50:2:50:18":5,"s:52:19:52:Infinity":16,"s:53:16:53:Infinity":17,"s:55:10:145:Infinity":18,"f:55:10:55:25":6,"s:56:6:56:Infinity":19,"s:59:6:59:Infinity":20,"s:60:6:60:Infinity":21,"s:61:6:70:Infinity":22,"f:61:26:61:34":7,"s:62:19:62:Infinity":23,"s:63:19:63:Infinity":24,"b:64:8:69:Infinity:undefined:undefined:undefined:undefined":4,"s:64:8:69:Infinity":25,"b:64:12:64:18:64:18:64:22":5,"s:65:10:65:Infinity":26,"s:66:10:66:Infinity":27,"s:67:10:67:Infinity":28,"s:68:10:68:Infinity":29,"s:73:6:112:Infinity":30,"f:73:37:73:46":8,"s:75:24:75:Infinity":31,"s:76:21:76:Infinity":32,"b:78:8:97:Infinity:85:15:97:Infinity":6,"s:78:8:97:Infinity":33,"s:79:27:79:Infinity":34,"s:80:26:80:Infinity":35,"b:80:26:80:79:80:79:80:Infinity":7,"f:80:36:80:41":9,"s:80:46:80:65":36,"b:81:10:83:Infinity:82:15:83:Infinity":8,"s:81:10:83:Infinity":37,"s:81:29:81:Infinity":38,"b:82:15:83:Infinity:83:15:83:Infinity":9,"s:82:15:83:Infinity":39,"s:82:34:82:Infinity":40,"s:83:15:83:Infinity":41,"s:84:10:84:Infinity":42,"b:85:15:97:Infinity:88:15:97:Infinity":10,"s:85:15:97:Infinity":43,"s:86:10:86:Infinity":44,"s:87:10:87:Infinity":45,"b:88:15:97:Infinity:91:15:97:Infinity":11,"s:88:15:97:Infinity":46,"s:89:10:89:Infinity":47,"s:90:10:90:Infinity":48,"b:91:15:97:Infinity:94:15:97:Infinity":12,"s:91:15:97:Infinity":49,"s:92:10:92:Infinity":50,"s:93:10:93:Infinity":51,"b:94:15:97:Infinity:undefined:undefined:undefined:undefined":13,"s:94:15:97:Infinity":52,"s:95:10:95:Infinity":53,"s:96:10:96:Infinity":54,"s:99:8:99:Infinity":55,"s:100:8:100:Infinity":56,"s:101:8:101:Infinity":57,"s:102:8:102:Infinity":58,"s:103:8:103:Infinity":59,"s:104:8:104:Infinity":60,"s:105:8:105:Infinity":61,"s:108:8:108:Infinity":62,"s:109:8:109:Infinity":63,"s:110:8:110:Infinity":64,"s:111:8:111:Infinity":65,"b:111:21:111:45:111:45:111:53":14,"s:115:6:142:Infinity":66,"f:115:6:115:19":10,"s:116:30:116:Infinity":67,"s:117:8:140:Infinity":68,"f:117:13:117:21":11,"s:118:10:118:Infinity":69,"b:119:10:122:Infinity:undefined:undefined:undefined:undefined":15,"s:119:10:122:Infinity":70,"s:120:12:120:Infinity":71,"s:121:12:121:Infinity":72,"b:124:10:139:Infinity:undefined:undefined:undefined:undefined":16,"s:124:10:139:Infinity":73,"s:125:23:125:Infinity":74,"s:126:23:126:Infinity":75,"b:128:12:138:Infinity:undefined:undefined:undefined:undefined":17,"s:128:12:138:Infinity":76,"b:128:16:128:22:128:22:128:26":18,"s:129:24:129:Infinity":77,"s:130:24:130:Infinity":78,"s:132:14:132:Infinity":79,"s:133:14:133:Infinity":80,"s:134:14:134:Infinity":81,"s:135:14:135:Infinity":82,"s:137:14:137:Infinity":83,"s:141:8:141:Infinity":84,"s:144:6:144:Infinity":85,"s:147:4:147:Infinity":86,"s:149:4:149:Infinity":87,"f:149:4:149:17":12,"s:149:17:149:Infinity":88,"s:152:2:165:Infinity":89},"fnNames":{}}}
,"F:\\midfield-ai\\src\\components\\MatchSelector.jsx": {"path":"F:\\midfield-ai\\src\\components\\MatchSelector.jsx","statementMap":{"0":{"start":{"line":5,"column":63},"end":{"line":5,"column":71}},"1":{"start":{"line":8,"column":2},"end":{"line":10,"column":null}},"2":{"start":{"line":9,"column":4},"end":{"line":9,"column":null}},"3":{"start":{"line":12,"column":2},"end":{"line":26,"column":null}},"4":{"start":{"line":17,"column":25},"end":{"line":17,"column":null}},"5":{"start":{"line":21,"column":10},"end":{"line":23,"column":null}}},"fnMap":{"0":{"name":"MatchSelector","decl":{"start":{"line":4,"column":24},"end":{"line":4,"column":40}},"loc":{"start":{"line":4,"column":40},"end":{"line":28,"column":null}},"line":4},"1":{"name":"(anonymous_1)","decl":{"start":{"line":17,"column":8},"end":{"line":17,"column":19}},"loc":{"start":{"line":17,"column":25},"end":{"line":17,"column":null}},"line":17},"2":{"name":"(anonymous_2)","decl":{"start":{"line":20,"column":25},"end":{"line":20,"column":30}},"loc":{"start":{"line":21,"column":10},"end":{"line":23,"column":null}},"line":21}},"branchMap":{"0":{"loc":{"start":{"line":8,"column":2},"end":{"line":10,"column":null}},"type":"if","locations":[{"start":{"line":8,"column":2},"end":{"line":10,"column":null}},{"start":{},"end":{}}],"line":8},"1":{"loc":{"start":{"line":8,"column":6},"end":{"line":8,"column":75}},"type":"binary-expr","locations":[{"start":{"line":8,"column":6},"end":{"line":8,"column":24}},{"start":{"line":8,"column":24},"end":{"line":8,"column":45}},{"start":{"line":8,"column":45},"end":{"line":8,"column":75}}],"line":8},"2":{"loc":{"start":{"line":16,"column":15},"end":{"line":16,"column":null}},"type":"binary-expr","locations":[{"start":{"line":16,"column":15},"end":{"line":16,"column":33}},{"start":{"line":16,"column":33},"end":{"line":16,"column":null}}],"line":16},"3":{"loc":{"start":{"line":22,"column":24},"end":{"line":22,"column":66}},"type":"cond-expr","locations":[{"start":{"line":22,"column":47},"end":{"line":22,"column":55}},{"start":{"line":22,"column":55},"end":{"line":22,"column":66}}],"line":22}},"s":{"0":0,"1":0,"2":0,"3":0,"4":0,"5":0},"f":{"0":0,"1":0,"2":0},"b":{"0":[0,0],"1":[0,0,0],"2":[0,0],"3":[0,0]},"meta":{"lastBranch":4,"lastFunction":3,"lastStatement":6,"seen":{"f:4:24:4:40":0,"s:5:63:5:71":0,"b:8:2:10:Infinity:undefined:undefined:undefined:undefined":0,"s:8:2:10:Infinity":1,"b:8:6:8:24:8:24:8:45:8:45:8:75":1,"s:9:4:9:Infinity":2,"s:12:2:26:Infinity":3,"b:16:15:16:33:16:33:16:Infinity":2,"f:17:8:17:19":1,"s:17:25:17:Infinity":4,"f:20:25:20:30":2,"s:21:10:23:Infinity":5,"b:22:47:22:55:22:55:22:66":3},"fnNames":{}}}
,"F:\\midfield-ai\\src\\components\\MobileNav.jsx": {"path":"F:\\midfield-ai\\src\\components\\MobileNav.jsx","statementMap":{"0":{"start":{"line":8,"column":19},"end":{"line":16,"column":null}},"1":{"start":{"line":9,"column":16},"end":{"line":9,"column":39}},"2":{"start":{"line":10,"column":16},"end":{"line":10,"column":39}},"3":{"start":{"line":11,"column":16},"end":{"line":11,"column":39}},"4":{"start":{"line":12,"column":16},"end":{"line":12,"column":32}},"5":{"start":{"line":13,"column":16},"end":{"line":13,"column":39}},"6":{"start":{"line":14,"column":16},"end":{"line":14,"column":39}},"7":{"start":{"line":15,"column":16},"end":{"line":15,"column":39}},"8":{"start":{"line":19,"column":19},"end":{"line":19,"column":31}},"9":{"start":{"line":20,"column":22},"end":{"line":20,"column":30}},"10":{"start":{"line":21,"column":19},"end":{"line":21,"column":null}},"11":{"start":{"line":23,"column":16},"end":{"line":30,"column":null}},"12":{"start":{"line":24,"column":4},"end":{"line":24,"column":null}},"13":{"start":{"line":24,"column":20},"end":{"line":24,"column":null}},"14":{"start":{"line":25,"column":18},"end":{"line":25,"column":null}},"15":{"start":{"line":26,"column":4},"end":{"line":26,"column":null}},"16":{"start":{"line":26,"column":30},"end":{"line":26,"column":null}},"17":{"start":{"line":27,"column":4},"end":{"line":27,"column":null}},"18":{"start":{"line":27,"column":30},"end":{"line":27,"column":null}},"19":{"start":{"line":28,"column":4},"end":{"line":28,"column":null}},"20":{"start":{"line":28,"column":34},"end":{"line":28,"column":null}},"21":{"start":{"line":29,"column":4},"end":{"line":29,"column":null}},"22":{"start":{"line":32,"column":2},"end":{"line":58,"column":null}},"23":{"start":{"line":35,"column":44},"end":{"line":35,"column":null}},"24":{"start":{"line":36,"column":20},"end":{"line":36,"column":null}},"25":{"start":{"line":37,"column":25},"end":{"line":37,"column":null}},"26":{"start":{"line":38,"column":8},"end":{"line":55,"column":null}},"27":{"start":{"line":42,"column":29},"end":{"line":42,"column":45}},"28":{"start":{"line":42,"column":45},"end":{"line":42,"column":64}}},"fnMap":{"0":{"name":"(anonymous_0)","decl":{"start":{"line":9,"column":4},"end":{"line":9,"column":16}},"loc":{"start":{"line":9,"column":16},"end":{"line":9,"column":39}},"line":9},"1":{"name":"(anonymous_1)","decl":{"start":{"line":10,"column":4},"end":{"line":10,"column":16}},"loc":{"start":{"line":10,"column":16},"end":{"line":10,"column":39}},"line":10},"2":{"name":"(anonymous_2)","decl":{"start":{"line":11,"column":4},"end":{"line":11,"column":16}},"loc":{"start":{"line":11,"column":16},"end":{"line":11,"column":39}},"line":11},"3":{"name":"(anonymous_3)","decl":{"start":{"line":12,"column":4},"end":{"line":12,"column":16}},"loc":{"start":{"line":12,"column":16},"end":{"line":12,"column":32}},"line":12},"4":{"name":"(anonymous_4)","decl":{"start":{"line":13,"column":4},"end":{"line":13,"column":16}},"loc":{"start":{"line":13,"column":16},"end":{"line":13,"column":39}},"line":13},"5":{"name":"(anonymous_5)","decl":{"start":{"line":14,"column":4},"end":{"line":14,"column":16}},"loc":{"start":{"line":14,"column":16},"end":{"line":14,"column":39}},"line":14},"6":{"name":"(anonymous_6)","decl":{"start":{"line":15,"column":4},"end":{"line":15,"column":16}},"loc":{"start":{"line":15,"column":16},"end":{"line":15,"column":39}},"line":15},"7":{"name":"MobileNav","decl":{"start":{"line":18,"column":24},"end":{"line":18,"column":34}},"loc":{"start":{"line":18,"column":65},"end":{"line":60,"column":null}},"line":18},"8":{"name":"(anonymous_8)","decl":{"start":{"line":23,"column":27},"end":{"line":23,"column":34}},"loc":{"start":{"line":23,"column":42},"end":{"line":30,"column":3}},"line":23},"9":{"name":"(anonymous_9)","decl":{"start":{"line":34,"column":13},"end":{"line":34,"column":18}},"loc":{"start":{"line":34,"column":27},"end":{"line":57,"column":7}},"line":34},"10":{"name":"(anonymous_10)","decl":{"start":{"line":42,"column":12},"end":{"line":42,"column":27}},"loc":{"start":{"line":42,"column":27},"end":{"line":42,"column":null}},"line":42}},"branchMap":{"0":{"loc":{"start":{"line":21,"column":19},"end":{"line":21,"column":null}},"type":"binary-expr","locations":[{"start":{"line":21,"column":19},"end":{"line":21,"column":36}},{"start":{"line":21,"column":36},"end":{"line":21,"column":null}}],"line":21},"1":{"loc":{"start":{"line":24,"column":4},"end":{"line":24,"column":null}},"type":"if","locations":[{"start":{"line":24,"column":4},"end":{"line":24,"column":null}},{"start":{},"end":{}}],"line":24},"2":{"loc":{"start":{"line":25,"column":18},"end":{"line":25,"column":null}},"type":"cond-expr","locations":[{"start":{"line":25,"column":45},"end":{"line":25,"column":57}},{"start":{"line":25,"column":57},"end":{"line":25,"column":null}}],"line":25},"3":{"loc":{"start":{"line":26,"column":4},"end":{"line":26,"column":null}},"type":"if","locations":[{"start":{"line":26,"column":4},"end":{"line":26,"column":null}},{"start":{},"end":{}}],"line":26},"4":{"loc":{"start":{"line":27,"column":4},"end":{"line":27,"column":null}},"type":"if","locations":[{"start":{"line":27,"column":4},"end":{"line":27,"column":null}},{"start":{},"end":{}}],"line":27},"5":{"loc":{"start":{"line":27,"column":37},"end":{"line":27,"column":null}},"type":"binary-expr","locations":[{"start":{"line":27,"column":37},"end":{"line":27,"column":64}},{"start":{"line":27,"column":64},"end":{"line":27,"column":null}}],"line":27},"6":{"loc":{"start":{"line":28,"column":4},"end":{"line":28,"column":null}},"type":"if","locations":[{"start":{"line":28,"column":4},"end":{"line":28,"column":null}},{"start":{},"end":{}}],"line":28},"7":{"loc":{"start":{"line":44,"column":26},"end":{"line":44,"column":null}},"type":"cond-expr","locations":[{"start":{"line":44,"column":37},"end":{"line":44,"column":46}},{"start":{"line":44,"column":46},"end":{"line":44,"column":null}}],"line":44},"8":{"loc":{"start":{"line":47,"column":14},"end":{"line":47,"column":null}},"type":"cond-expr","locations":[{"start":{"line":47,"column":25},"end":{"line":47,"column":43}},{"start":{"line":47,"column":43},"end":{"line":47,"column":null}}],"line":47},"9":{"loc":{"start":{"line":50,"column":64},"end":{"line":50,"column":87}},"type":"binary-expr","locations":[{"start":{"line":50,"column":64},"end":{"line":50,"column":76}},{"start":{"line":50,"column":76},"end":{"line":50,"column":87}}],"line":50},"10":{"loc":{"start":{"line":52,"column":13},"end":{"line":53,"column":null}},"type":"binary-expr","locations":[{"start":{"line":52,"column":13},"end":{"line":52,"column":null}},{"start":{"line":53,"column":14},"end":{"line":53,"column":null}}],"line":52}},"s":{"0":1,"1":0,"2":0,"3":0,"4":0,"5":0,"6":0,"7":0,"8":0,"9":0,"10":0,"11":0,"12":0,"13":0,"14":0,"15":0,"16":0,"17":0,"18":0,"19":0,"20":0,"21":0,"22":0,"23":0,"24":0,"25":0,"26":0,"27":0,"28":0},"f":{"0":0,"1":0,"2":0,"3":0,"4":0,"5":0,"6":0,"7":0,"8":0,"9":0,"10":0},"b":{"0":[0,0],"1":[0,0],"2":[0,0],"3":[0,0],"4":[0,0],"5":[0,0],"6":[0,0],"7":[0,0],"8":[0,0],"9":[0,0],"10":[0,0]},"meta":{"lastBranch":11,"lastFunction":11,"lastStatement":29,"seen":{"s:8:19:16:Infinity":0,"f:9:4:9:16":0,"s:9:16:9:39":1,"f:10:4:10:16":1,"s:10:16:10:39":2,"f:11:4:11:16":2,"s:11:16:11:39":3,"f:12:4:12:16":3,"s:12:16:12:32":4,"f:13:4:13:16":4,"s:13:16:13:39":5,"f:14:4:14:16":5,"s:14:16:14:39":6,"f:15:4:15:16":6,"s:15:16:15:39":7,"f:18:24:18:34":7,"s:19:19:19:31":8,"s:20:22:20:30":9,"s:21:19:21:Infinity":10,"b:21:19:21:36:21:36:21:Infinity":0,"s:23:16:30:Infinity":11,"f:23:27:23:34":8,"b:24:4:24:Infinity:undefined:undefined:undefined:undefined":1,"s:24:4:24:Infinity":12,"s:24:20:24:Infinity":13,"s:25:18:25:Infinity":14,"b:25:45:25:57:25:57:25:Infinity":2,"b:26:4:26:Infinity:undefined:undefined:undefined:undefined":3,"s:26:4:26:Infinity":15,"s:26:30:26:Infinity":16,"b:27:4:27:Infinity:undefined:undefined:undefined:undefined":4,"s:27:4:27:Infinity":17,"s:27:30:27:Infinity":18,"b:27:37:27:64:27:64:27:Infinity":5,"b:28:4:28:Infinity:undefined:undefined:undefined:undefined":6,"s:28:4:28:Infinity":19,"s:28:34:28:Infinity":20,"s:29:4:29:Infinity":21,"s:32:2:58:Infinity":22,"f:34:13:34:18":9,"s:35:44:35:Infinity":23,"s:36:20:36:Infinity":24,"s:37:25:37:Infinity":25,"s:38:8:55:Infinity":26,"f:42:12:42:27":10,"s:42:29:42:45":27,"s:42:45:42:64":28,"b:44:37:44:46:44:46:44:Infinity":7,"b:47:25:47:43:47:43:47:Infinity":8,"b:50:64:50:76:50:76:50:87":9,"b:52:13:52:Infinity:53:14:53:Infinity":10},"fnNames":{}}}
,"F:\\midfield-ai\\src\\components\\ParkingCanvas.jsx": {"path":"F:\\midfield-ai\\src\\components\\ParkingCanvas.jsx","statementMap":{"0":{"start":{"line":13,"column":14},"end":{"line":20,"column":null}},"1":{"start":{"line":14,"column":56},"end":{"line":14,"column":76}},"2":{"start":{"line":15,"column":56},"end":{"line":15,"column":77}},"3":{"start":{"line":16,"column":56},"end":{"line":16,"column":77}},"4":{"start":{"line":17,"column":56},"end":{"line":17,"column":77}},"5":{"start":{"line":18,"column":56},"end":{"line":18,"column":77}},"6":{"start":{"line":19,"column":57},"end":{"line":19,"column":77}},"7":{"start":{"line":23,"column":15},"end":{"line":23,"column":null}},"8":{"start":{"line":24,"column":15},"end":{"line":24,"column":null}},"9":{"start":{"line":27,"column":20},"end":{"line":27,"column":null}},"10":{"start":{"line":28,"column":32},"end":{"line":28,"column":null}},"11":{"start":{"line":29,"column":26},"end":{"line":29,"column":null}},"12":{"start":{"line":30,"column":38},"end":{"line":30,"column":null}},"13":{"start":{"line":31,"column":38},"end":{"line":31,"column":null}},"14":{"start":{"line":32,"column":38},"end":{"line":32,"column":null}},"15":{"start":{"line":35,"column":2},"end":{"line":37,"column":null}},"16":{"start":{"line":36,"column":4},"end":{"line":36,"column":null}},"17":{"start":{"line":39,"column":8},"end":{"line":88,"column":null}},"18":{"start":{"line":40,"column":19},"end":{"line":40,"column":null}},"19":{"start":{"line":41,"column":4},"end":{"line":41,"column":null}},"20":{"start":{"line":41,"column":17},"end":{"line":41,"column":null}},"21":{"start":{"line":42,"column":16},"end":{"line":42,"column":null}},"22":{"start":{"line":43,"column":4},"end":{"line":43,"column":null}},"23":{"start":{"line":46,"column":4},"end":{"line":46,"column":null}},"24":{"start":{"line":47,"column":4},"end":{"line":47,"column":null}},"25":{"start":{"line":48,"column":4},"end":{"line":50,"column":null}},"26":{"start":{"line":48,"column":17},"end":{"line":48,"column":20}},"27":{"start":{"line":49,"column":6},"end":{"line":49,"column":23}},"28":{"start":{"line":49,"column":23},"end":{"line":49,"column":41}},"29":{"start":{"line":49,"column":41},"end":{"line":49,"column":71}},"30":{"start":{"line":49,"column":71},"end":{"line":49,"column":null}},"31":{"start":{"line":51,"column":4},"end":{"line":53,"column":null}},"32":{"start":{"line":51,"column":17},"end":{"line":51,"column":20}},"33":{"start":{"line":52,"column":6},"end":{"line":52,"column":23}},"34":{"start":{"line":52,"column":23},"end":{"line":52,"column":41}},"35":{"start":{"line":52,"column":41},"end":{"line":52,"column":70}},"36":{"start":{"line":52,"column":70},"end":{"line":52,"column":null}},"37":{"start":{"line":56,"column":4},"end":{"line":87,"column":null}},"38":{"start":{"line":57,"column":6},"end":{"line":57,"column":null}},"39":{"start":{"line":59,"column":6},"end":{"line":77,"column":null}},"40":{"start":{"line":60,"column":8},"end":{"line":60,"column":null}},"41":{"start":{"line":61,"column":8},"end":{"line":61,"column":null}},"42":{"start":{"line":62,"column":13},"end":{"line":77,"column":null}},"43":{"start":{"line":63,"column":8},"end":{"line":63,"column":null}},"44":{"start":{"line":64,"column":8},"end":{"line":64,"column":null}},"45":{"start":{"line":65,"column":8},"end":{"line":65,"column":null}},"46":{"start":{"line":66,"column":8},"end":{"line":66,"column":null}},"47":{"start":{"line":67,"column":8},"end":{"line":67,"column":null}},"48":{"start":{"line":70,"column":8},"end":{"line":70,"column":null}},"49":{"start":{"line":71,"column":8},"end":{"line":71,"column":null}},"50":{"start":{"line":72,"column":8},"end":{"line":72,"column":null}},"51":{"start":{"line":73,"column":8},"end":{"line":73,"column":null}},"52":{"start":{"line":74,"column":8},"end":{"line":74,"column":null}},"53":{"start":{"line":75,"column":8},"end":{"line":75,"column":null}},"54":{"start":{"line":76,"column":8},"end":{"line":76,"column":null}},"55":{"start":{"line":79,"column":6},"end":{"line":84,"column":null}},"56":{"start":{"line":80,"column":8},"end":{"line":80,"column":null}},"57":{"start":{"line":81,"column":8},"end":{"line":81,"column":null}},"58":{"start":{"line":82,"column":8},"end":{"line":82,"column":null}},"59":{"start":{"line":83,"column":8},"end":{"line":83,"column":null}},"60":{"start":{"line":86,"column":6},"end":{"line":86,"column":null}},"61":{"start":{"line":90,"column":8},"end":{"line":96,"column":null}},"62":{"start":{"line":91,"column":17},"end":{"line":91,"column":null}},"63":{"start":{"line":92,"column":4},"end":{"line":95,"column":null}},"64":{"start":{"line":98,"column":8},"end":{"line":129,"column":null}},"65":{"start":{"line":99,"column":21},"end":{"line":99,"column":null}},"66":{"start":{"line":101,"column":4},"end":{"line":128,"column":null}},"67":{"start":{"line":103,"column":22},"end":{"line":106,"column":null}},"68":{"start":{"line":104,"column":8},"end":{"line":105,"column":null}},"69":{"start":{"line":108,"column":6},"end":{"line":114,"column":null}},"70":{"start":{"line":109,"column":8},"end":{"line":109,"column":null}},"71":{"start":{"line":110,"column":8},"end":{"line":110,"column":null}},"72":{"start":{"line":111,"column":8},"end":{"line":111,"column":null}},"73":{"start":{"line":113,"column":8},"end":{"line":113,"column":null}},"74":{"start":{"line":117,"column":21},"end":{"line":124,"column":null}},"75":{"start":{"line":125,"column":6},"end":{"line":125,"column":null}},"76":{"start":{"line":126,"column":6},"end":{"line":126,"column":null}},"77":{"start":{"line":127,"column":6},"end":{"line":127,"column":null}},"78":{"start":{"line":131,"column":8},"end":{"line":145,"column":null}},"79":{"start":{"line":132,"column":4},"end":{"line":132,"column":null}},"80":{"start":{"line":132,"column":57},"end":{"line":132,"column":null}},"81":{"start":{"line":133,"column":21},"end":{"line":133,"column":null}},"82":{"start":{"line":135,"column":4},"end":{"line":144,"column":null}},"83":{"start":{"line":136,"column":6},"end":{"line":142,"column":null}},"84":{"start":{"line":137,"column":8},"end":{"line":141,"column":null}},"85":{"start":{"line":143,"column":6},"end":{"line":143,"column":null}},"86":{"start":{"line":147,"column":8},"end":{"line":149,"column":null}},"87":{"start":{"line":148,"column":4},"end":{"line":148,"column":null}},"88":{"start":{"line":151,"column":8},"end":{"line":156,"column":null}},"89":{"start":{"line":152,"column":4},"end":{"line":155,"column":null}},"90":{"start":{"line":153,"column":6},"end":{"line":153,"column":null}},"91":{"start":{"line":153,"column":37},"end":{"line":153,"column":56}},"92":{"start":{"line":154,"column":6},"end":{"line":154,"column":null}},"93":{"start":{"line":158,"column":21},"end":{"line":192,"column":null}},"94":{"start":{"line":160,"column":18},"end":{"line":160,"column":null}},"95":{"start":{"line":161,"column":19},"end":{"line":161,"column":22}},"96":{"start":{"line":161,"column":33},"end":{"line":161,"column":36}},"97":{"start":{"line":161,"column":46},"end":{"line":161,"column":null}},"98":{"start":{"line":163,"column":4},"end":{"line":167,"column":null}},"99":{"start":{"line":164,"column":6},"end":{"line":164,"column":null}},"100":{"start":{"line":164,"column":35},"end":{"line":164,"column":null}},"101":{"start":{"line":165,"column":6},"end":{"line":165,"column":null}},"102":{"start":{"line":165,"column":37},"end":{"line":165,"column":null}},"103":{"start":{"line":166,"column":6},"end":{"line":166,"column":null}},"104":{"start":{"line":166,"column":29},"end":{"line":166,"column":null}},"105":{"start":{"line":169,"column":4},"end":{"line":173,"column":null}},"106":{"start":{"line":175,"column":20},"end":{"line":179,"column":null}},"107":{"start":{"line":181,"column":4},"end":{"line":191,"column":null}},"108":{"start":{"line":182,"column":6},"end":{"line":187,"column":null}},"109":{"start":{"line":183,"column":8},"end":{"line":183,"column":null}},"110":{"start":{"line":184,"column":8},"end":{"line":184,"column":null}},"111":{"start":{"line":186,"column":8},"end":{"line":186,"column":null}},"112":{"start":{"line":189,"column":6},"end":{"line":189,"column":null}},"113":{"start":{"line":190,"column":6},"end":{"line":190,"column":null}},"114":{"start":{"line":194,"column":2},"end":{"line":275,"column":null}},"115":{"start":{"line":199,"column":10},"end":{"line":208,"column":null}},"116":{"start":{"line":203,"column":27},"end":{"line":203,"column":null}},"117":{"start":{"line":247,"column":76},"end":{"line":247,"column":95}},"118":{"start":{"line":250,"column":38},"end":{"line":250,"column":57}},"119":{"start":{"line":251,"column":38},"end":{"line":251,"column":57}},"120":{"start":{"line":262,"column":63},"end":{"line":262,"column":112}},"121":{"start":{"line":266,"column":63},"end":{"line":266,"column":86}},"122":{"start":{"line":270,"column":63},"end":{"line":270,"column":78}}},"fnMap":{"0":{"name":"(anonymous_0)","decl":{"start":{"line":14,"column":44},"end":{"line":14,"column":56}},"loc":{"start":{"line":14,"column":56},"end":{"line":14,"column":76}},"line":14},"1":{"name":"(anonymous_1)","decl":{"start":{"line":15,"column":44},"end":{"line":15,"column":56}},"loc":{"start":{"line":15,"column":56},"end":{"line":15,"column":77}},"line":15},"2":{"name":"(anonymous_2)","decl":{"start":{"line":16,"column":44},"end":{"line":16,"column":56}},"loc":{"start":{"line":16,"column":56},"end":{"line":16,"column":77}},"line":16},"3":{"name":"(anonymous_3)","decl":{"start":{"line":17,"column":44},"end":{"line":17,"column":56}},"loc":{"start":{"line":17,"column":56},"end":{"line":17,"column":77}},"line":17},"4":{"name":"(anonymous_4)","decl":{"start":{"line":18,"column":44},"end":{"line":18,"column":56}},"loc":{"start":{"line":18,"column":56},"end":{"line":18,"column":77}},"line":18},"5":{"name":"(anonymous_5)","decl":{"start":{"line":19,"column":45},"end":{"line":19,"column":57}},"loc":{"start":{"line":19,"column":57},"end":{"line":19,"column":77}},"line":19},"6":{"name":"ParkingCanvas","decl":{"start":{"line":26,"column":24},"end":{"line":26,"column":40}},"loc":{"start":{"line":26,"column":40},"end":{"line":277,"column":null}},"line":26},"7":{"name":"(anonymous_7)","decl":{"start":{"line":35,"column":2},"end":{"line":35,"column":18}},"loc":{"start":{"line":35,"column":18},"end":{"line":37,"column":5}},"line":35},"8":{"name":"(anonymous_8)","decl":{"start":{"line":39,"column":8},"end":{"line":39,"column":27}},"loc":{"start":{"line":39,"column":27},"end":{"line":88,"column":null}},"line":39},"9":{"name":"(anonymous_9)","decl":{"start":{"line":56,"column":12},"end":{"line":56,"column":20}},"loc":{"start":{"line":56,"column":27},"end":{"line":87,"column":5}},"line":56},"10":{"name":"(anonymous_10)","decl":{"start":{"line":90,"column":8},"end":{"line":90,"column":25}},"loc":{"start":{"line":90,"column":31},"end":{"line":96,"column":null}},"line":90},"11":{"name":"(anonymous_11)","decl":{"start":{"line":98,"column":8},"end":{"line":98,"column":27}},"loc":{"start":{"line":98,"column":33},"end":{"line":129,"column":null}},"line":98},"12":{"name":"(anonymous_12)","decl":{"start":{"line":103,"column":45},"end":{"line":103,"column":50}},"loc":{"start":{"line":104,"column":8},"end":{"line":105,"column":null}},"line":104},"13":{"name":"(anonymous_13)","decl":{"start":{"line":131,"column":8},"end":{"line":131,"column":27}},"loc":{"start":{"line":131,"column":33},"end":{"line":145,"column":null}},"line":131},"14":{"name":"(anonymous_14)","decl":{"start":{"line":135,"column":23},"end":{"line":135,"column":27}},"loc":{"start":{"line":135,"column":34},"end":{"line":144,"column":5}},"line":135},"15":{"name":"(anonymous_15)","decl":{"start":{"line":147,"column":8},"end":{"line":147,"column":30}},"loc":{"start":{"line":147,"column":30},"end":{"line":149,"column":null}},"line":147},"16":{"name":"(anonymous_16)","decl":{"start":{"line":151,"column":8},"end":{"line":151,"column":29}},"loc":{"start":{"line":151,"column":29},"end":{"line":156,"column":null}},"line":151},"17":{"name":"(anonymous_17)","decl":{"start":{"line":153,"column":25},"end":{"line":153,"column":32}},"loc":{"start":{"line":153,"column":37},"end":{"line":153,"column":56}},"line":153},"18":{"name":"(anonymous_18)","decl":{"start":{"line":158,"column":21},"end":{"line":158,"column":33}},"loc":{"start":{"line":158,"column":33},"end":{"line":192,"column":null}},"line":158},"19":{"name":"(anonymous_19)","decl":{"start":{"line":163,"column":12},"end":{"line":163,"column":20}},"loc":{"start":{"line":163,"column":27},"end":{"line":167,"column":5}},"line":163},"20":{"name":"(anonymous_20)","decl":{"start":{"line":198,"column":15},"end":{"line":198,"column":19}},"loc":{"start":{"line":199,"column":10},"end":{"line":208,"column":null}},"line":199},"21":{"name":"(anonymous_21)","decl":{"start":{"line":203,"column":12},"end":{"line":203,"column":27}},"loc":{"start":{"line":203,"column":27},"end":{"line":203,"column":null}},"line":203},"22":{"name":"(anonymous_22)","decl":{"start":{"line":247,"column":66},"end":{"line":247,"column":71}},"loc":{"start":{"line":247,"column":76},"end":{"line":247,"column":95}},"line":247},"23":{"name":"(anonymous_23)","decl":{"start":{"line":250,"column":28},"end":{"line":250,"column":33}},"loc":{"start":{"line":250,"column":38},"end":{"line":250,"column":57}},"line":250},"24":{"name":"(anonymous_24)","decl":{"start":{"line":251,"column":28},"end":{"line":251,"column":33}},"loc":{"start":{"line":251,"column":38},"end":{"line":251,"column":57}},"line":251},"25":{"name":"(anonymous_25)","decl":{"start":{"line":262,"column":51},"end":{"line":262,"column":58}},"loc":{"start":{"line":262,"column":63},"end":{"line":262,"column":112}},"line":262},"26":{"name":"(anonymous_26)","decl":{"start":{"line":266,"column":51},"end":{"line":266,"column":58}},"loc":{"start":{"line":266,"column":63},"end":{"line":266,"column":86}},"line":266},"27":{"name":"(anonymous_27)","decl":{"start":{"line":270,"column":51},"end":{"line":270,"column":58}},"loc":{"start":{"line":270,"column":63},"end":{"line":270,"column":78}},"line":270}},"branchMap":{"0":{"loc":{"start":{"line":41,"column":4},"end":{"line":41,"column":null}},"type":"if","locations":[{"start":{"line":41,"column":4},"end":{"line":41,"column":null}},{"start":{},"end":{}}],"line":41},"1":{"loc":{"start":{"line":59,"column":6},"end":{"line":77,"column":null}},"type":"if","locations":[{"start":{"line":59,"column":6},"end":{"line":77,"column":null}},{"start":{"line":62,"column":13},"end":{"line":77,"column":null}}],"line":59},"2":{"loc":{"start":{"line":61,"column":35},"end":{"line":61,"column":49}},"type":"binary-expr","locations":[{"start":{"line":61,"column":35},"end":{"line":61,"column":44}},{"start":{"line":61,"column":44},"end":{"line":61,"column":49}}],"line":61},"3":{"loc":{"start":{"line":61,"column":49},"end":{"line":61,"column":60}},"type":"binary-expr","locations":[{"start":{"line":61,"column":49},"end":{"line":61,"column":58}},{"start":{"line":61,"column":58},"end":{"line":61,"column":60}}],"line":61},"4":{"loc":{"start":{"line":62,"column":13},"end":{"line":77,"column":null}},"type":"if","locations":[{"start":{"line":62,"column":13},"end":{"line":77,"column":null}},{"start":{"line":68,"column":13},"end":{"line":77,"column":null}}],"line":62},"5":{"loc":{"start":{"line":70,"column":24},"end":{"line":70,"column":null}},"type":"cond-expr","locations":[{"start":{"line":70,"column":52},"end":{"line":70,"column":64}},{"start":{"line":70,"column":64},"end":{"line":70,"column":null}}],"line":70},"6":{"loc":{"start":{"line":70,"column":64},"end":{"line":70,"column":null}},"type":"cond-expr","locations":[{"start":{"line":70,"column":84},"end":{"line":70,"column":96}},{"start":{"line":70,"column":96},"end":{"line":70,"column":null}}],"line":70},"7":{"loc":{"start":{"line":79,"column":6},"end":{"line":84,"column":null}},"type":"if","locations":[{"start":{"line":79,"column":6},"end":{"line":84,"column":null}},{"start":{},"end":{}}],"line":79},"8":{"loc":{"start":{"line":83,"column":46},"end":{"line":83,"column":65}},"type":"binary-expr","locations":[{"start":{"line":83,"column":46},"end":{"line":83,"column":55}},{"start":{"line":83,"column":55},"end":{"line":83,"column":65}}],"line":83},"9":{"loc":{"start":{"line":83,"column":69},"end":{"line":83,"column":88}},"type":"binary-expr","locations":[{"start":{"line":83,"column":69},"end":{"line":83,"column":78}},{"start":{"line":83,"column":78},"end":{"line":83,"column":88}}],"line":83},"10":{"loc":{"start":{"line":101,"column":4},"end":{"line":128,"column":null}},"type":"if","locations":[{"start":{"line":101,"column":4},"end":{"line":128,"column":null}},{"start":{"line":115,"column":11},"end":{"line":128,"column":null}}],"line":101},"11":{"loc":{"start":{"line":104,"column":8},"end":{"line":105,"column":null}},"type":"binary-expr","locations":[{"start":{"line":104,"column":8},"end":{"line":104,"column":22}},{"start":{"line":104,"column":22},"end":{"line":104,"column":null}},{"start":{"line":105,"column":8},"end":{"line":105,"column":22}},{"start":{"line":105,"column":22},"end":{"line":105,"column":null}}],"line":104},"12":{"loc":{"start":{"line":105,"column":36},"end":{"line":105,"column":null}},"type":"binary-expr","locations":[{"start":{"line":105,"column":36},"end":{"line":105,"column":45}},{"start":{"line":105,"column":45},"end":{"line":105,"column":null}}],"line":105},"13":{"loc":{"start":{"line":108,"column":6},"end":{"line":114,"column":null}},"type":"if","locations":[{"start":{"line":108,"column":6},"end":{"line":114,"column":null}},{"start":{"line":112,"column":13},"end":{"line":114,"column":null}}],"line":108},"14":{"loc":{"start":{"line":122,"column":11},"end":{"line":122,"column":null}},"type":"cond-expr","locations":[{"start":{"line":122,"column":29},"end":{"line":122,"column":35}},{"start":{"line":122,"column":35},"end":{"line":122,"column":null}}],"line":122},"15":{"loc":{"start":{"line":123,"column":11},"end":{"line":123,"column":null}},"type":"cond-expr","locations":[{"start":{"line":123,"column":29},"end":{"line":123,"column":34}},{"start":{"line":123,"column":34},"end":{"line":123,"column":null}}],"line":123},"16":{"loc":{"start":{"line":132,"column":4},"end":{"line":132,"column":null}},"type":"if","locations":[{"start":{"line":132,"column":4},"end":{"line":132,"column":null}},{"start":{},"end":{}}],"line":132},"17":{"loc":{"start":{"line":132,"column":8},"end":{"line":132,"column":57}},"type":"binary-expr","locations":[{"start":{"line":132,"column":8},"end":{"line":132,"column":23}},{"start":{"line":132,"column":23},"end":{"line":132,"column":38}},{"start":{"line":132,"column":38},"end":{"line":132,"column":57}}],"line":132},"18":{"loc":{"start":{"line":136,"column":6},"end":{"line":142,"column":null}},"type":"if","locations":[{"start":{"line":136,"column":6},"end":{"line":142,"column":null}},{"start":{},"end":{}}],"line":136},"19":{"loc":{"start":{"line":152,"column":4},"end":{"line":155,"column":null}},"type":"if","locations":[{"start":{"line":152,"column":4},"end":{"line":155,"column":null}},{"start":{},"end":{}}],"line":152},"20":{"loc":{"start":{"line":164,"column":6},"end":{"line":164,"column":null}},"type":"if","locations":[{"start":{"line":164,"column":6},"end":{"line":164,"column":null}},{"start":{},"end":{}}],"line":164},"21":{"loc":{"start":{"line":165,"column":6},"end":{"line":165,"column":null}},"type":"if","locations":[{"start":{"line":165,"column":6},"end":{"line":165,"column":null}},{"start":{},"end":{}}],"line":165},"22":{"loc":{"start":{"line":166,"column":6},"end":{"line":166,"column":null}},"type":"if","locations":[{"start":{"line":166,"column":6},"end":{"line":166,"column":null}},{"start":{},"end":{}}],"line":166},"23":{"loc":{"start":{"line":182,"column":6},"end":{"line":187,"column":null}},"type":"if","locations":[{"start":{"line":182,"column":6},"end":{"line":187,"column":null}},{"start":{"line":185,"column":13},"end":{"line":187,"column":null}}],"line":182},"24":{"loc":{"start":{"line":201,"column":21},"end":{"line":201,"column":null}},"type":"cond-expr","locations":[{"start":{"line":201,"column":37},"end":{"line":201,"column":49}},{"start":{"line":201,"column":49},"end":{"line":201,"column":null}}],"line":201},"25":{"loc":{"start":{"line":206,"column":60},"end":{"line":206,"column":96}},"type":"cond-expr","locations":[{"start":{"line":206,"column":76},"end":{"line":206,"column":86}},{"start":{"line":206,"column":86},"end":{"line":206,"column":96}}],"line":206},"26":{"loc":{"start":{"line":244,"column":11},"end":{"line":255,"column":null}},"type":"cond-expr","locations":[{"start":{"line":245,"column":12},"end":{"line":255,"column":13}},{"start":{"line":255,"column":12},"end":{"line":255,"column":null}}],"line":244}},"s":{"0":2,"1":0,"2":0,"3":0,"4":0,"5":0,"6":0,"7":2,"8":2,"9":0,"10":0,"11":0,"12":0,"13":0,"14":0,"15":0,"16":0,"17":0,"18":0,"19":0,"20":0,"21":0,"22":0,"23":0,"24":0,"25":0,"26":0,"27":0,"28":0,"29":0,"30":0,"31":0,"32":0,"33":0,"34":0,"35":0,"36":0,"37":0,"38":0,"39":0,"40":0,"41":0,"42":0,"43":0,"44":0,"45":0,"46":0,"47":0,"48":0,"49":0,"50":0,"51":0,"52":0,"53":0,"54":0,"55":0,"56":0,"57":0,"58":0,"59":0,"60":0,"61":0,"62":0,"63":0,"64":0,"65":0,"66":0,"67":0,"68":0,"69":0,"70":0,"71":0,"72":0,"73":0,"74":0,"75":0,"76":0,"77":0,"78":0,"79":0,"80":0,"81":0,"82":0,"83":0,"84":0,"85":0,"86":0,"87":0,"88":0,"89":0,"90":0,"91":0,"92":0,"93":0,"94":0,"95":0,"96":0,"97":0,"98":0,"99":0,"100":0,"101":0,"102":0,"103":0,"104":0,"105":0,"106":0,"107":0,"108":0,"109":0,"110":0,"111":0,"112":0,"113":0,"114":0,"115":0,"116":0,"117":0,"118":0,"119":0,"120":0,"121":0,"122":0},"f":{"0":0,"1":0,"2":0,"3":0,"4":0,"5":0,"6":0,"7":0,"8":0,"9":0,"10":0,"11":0,"12":0,"13":0,"14":0,"15":0,"16":0,"17":0,"18":0,"19":0,"20":0,"21":0,"22":0,"23":0,"24":0,"25":0,"26":0,"27":0},"b":{"0":[0,0],"1":[0,0],"2":[0,0],"3":[0,0],"4":[0,0],"5":[0,0],"6":[0,0],"7":[0,0],"8":[0,0],"9":[0,0],"10":[0,0],"11":[0,0,0,0],"12":[0,0],"13":[0,0],"14":[0,0],"15":[0,0],"16":[0,0],"17":[0,0,0],"18":[0,0],"19":[0,0],"20":[0,0],"21":[0,0],"22":[0,0],"23":[0,0],"24":[0,0],"25":[0,0],"26":[0,0]},"meta":{"lastBranch":27,"lastFunction":28,"lastStatement":123,"seen":{"s:13:14:20:Infinity":0,"f:14:44:14:56":0,"s:14:56:14:76":1,"f:15:44:15:56":1,"s:15:56:15:77":2,"f:16:44:16:56":2,"s:16:56:16:77":3,"f:17:44:17:56":3,"s:17:56:17:77":4,"f:18:44:18:56":4,"s:18:56:18:77":5,"f:19:45:19:57":5,"s:19:57:19:77":6,"s:23:15:23:Infinity":7,"s:24:15:24:Infinity":8,"f:26:24:26:40":6,"s:27:20:27:Infinity":9,"s:28:32:28:Infinity":10,"s:29:26:29:Infinity":11,"s:30:38:30:Infinity":12,"s:31:38:31:Infinity":13,"s:32:38:32:Infinity":14,"s:35:2:37:Infinity":15,"f:35:2:35:18":7,"s:36:4:36:Infinity":16,"s:39:8:88:Infinity":17,"f:39:8:39:27":8,"s:40:19:40:Infinity":18,"b:41:4:41:Infinity:undefined:undefined:undefined:undefined":0,"s:41:4:41:Infinity":19,"s:41:17:41:Infinity":20,"s:42:16:42:Infinity":21,"s:43:4:43:Infinity":22,"s:46:4:46:Infinity":23,"s:47:4:47:Infinity":24,"s:48:4:50:Infinity":25,"s:48:17:48:20":26,"s:49:6:49:23":27,"s:49:23:49:41":28,"s:49:41:49:71":29,"s:49:71:49:Infinity":30,"s:51:4:53:Infinity":31,"s:51:17:51:20":32,"s:52:6:52:23":33,"s:52:23:52:41":34,"s:52:41:52:70":35,"s:52:70:52:Infinity":36,"s:56:4:87:Infinity":37,"f:56:12:56:20":9,"s:57:6:57:Infinity":38,"b:59:6:77:Infinity:62:13:77:Infinity":1,"s:59:6:77:Infinity":39,"s:60:8:60:Infinity":40,"s:61:8:61:Infinity":41,"b:61:35:61:44:61:44:61:49":2,"b:61:49:61:58:61:58:61:60":3,"b:62:13:77:Infinity:68:13:77:Infinity":4,"s:62:13:77:Infinity":42,"s:63:8:63:Infinity":43,"s:64:8:64:Infinity":44,"s:65:8:65:Infinity":45,"s:66:8:66:Infinity":46,"s:67:8:67:Infinity":47,"s:70:8:70:Infinity":48,"b:70:52:70:64:70:64:70:Infinity":5,"b:70:84:70:96:70:96:70:Infinity":6,"s:71:8:71:Infinity":49,"s:72:8:72:Infinity":50,"s:73:8:73:Infinity":51,"s:74:8:74:Infinity":52,"s:75:8:75:Infinity":53,"s:76:8:76:Infinity":54,"b:79:6:84:Infinity:undefined:undefined:undefined:undefined":7,"s:79:6:84:Infinity":55,"s:80:8:80:Infinity":56,"s:81:8:81:Infinity":57,"s:82:8:82:Infinity":58,"s:83:8:83:Infinity":59,"b:83:46:83:55:83:55:83:65":8,"b:83:69:83:78:83:78:83:88":9,"s:86:6:86:Infinity":60,"s:90:8:96:Infinity":61,"f:90:8:90:25":10,"s:91:17:91:Infinity":62,"s:92:4:95:Infinity":63,"s:98:8:129:Infinity":64,"f:98:8:98:27":11,"s:99:21:99:Infinity":65,"b:101:4:128:Infinity:115:11:128:Infinity":10,"s:101:4:128:Infinity":66,"s:103:22:106:Infinity":67,"f:103:45:103:50":12,"s:104:8:105:Infinity":68,"b:104:8:104:22:104:22:104:Infinity:105:8:105:22:105:22:105:Infinity":11,"b:105:36:105:45:105:45:105:Infinity":12,"b:108:6:114:Infinity:112:13:114:Infinity":13,"s:108:6:114:Infinity":69,"s:109:8:109:Infinity":70,"s:110:8:110:Infinity":71,"s:111:8:111:Infinity":72,"s:113:8:113:Infinity":73,"s:117:21:124:Infinity":74,"b:122:29:122:35:122:35:122:Infinity":14,"b:123:29:123:34:123:34:123:Infinity":15,"s:125:6:125:Infinity":75,"s:126:6:126:Infinity":76,"s:127:6:127:Infinity":77,"s:131:8:145:Infinity":78,"f:131:8:131:27":13,"b:132:4:132:Infinity:undefined:undefined:undefined:undefined":16,"s:132:4:132:Infinity":79,"b:132:8:132:23:132:23:132:38:132:38:132:57":17,"s:132:57:132:Infinity":80,"s:133:21:133:Infinity":81,"s:135:4:144:Infinity":82,"f:135:23:135:27":14,"b:136:6:142:Infinity:undefined:undefined:undefined:undefined":18,"s:136:6:142:Infinity":83,"s:137:8:141:Infinity":84,"s:143:6:143:Infinity":85,"s:147:8:149:Infinity":86,"f:147:8:147:30":15,"s:148:4:148:Infinity":87,"s:151:8:156:Infinity":88,"f:151:8:151:29":16,"b:152:4:155:Infinity:undefined:undefined:undefined:undefined":19,"s:152:4:155:Infinity":89,"s:153:6:153:Infinity":90,"f:153:25:153:32":17,"s:153:37:153:56":91,"s:154:6:154:Infinity":92,"s:158:21:192:Infinity":93,"f:158:21:158:33":18,"s:160:18:160:Infinity":94,"s:161:19:161:22":95,"s:161:33:161:36":96,"s:161:46:161:Infinity":97,"s:163:4:167:Infinity":98,"f:163:12:163:20":19,"b:164:6:164:Infinity:undefined:undefined:undefined:undefined":20,"s:164:6:164:Infinity":99,"s:164:35:164:Infinity":100,"b:165:6:165:Infinity:undefined:undefined:undefined:undefined":21,"s:165:6:165:Infinity":101,"s:165:37:165:Infinity":102,"b:166:6:166:Infinity:undefined:undefined:undefined:undefined":22,"s:166:6:166:Infinity":103,"s:166:29:166:Infinity":104,"s:169:4:173:Infinity":105,"s:175:20:179:Infinity":106,"s:181:4:191:Infinity":107,"b:182:6:187:Infinity:185:13:187:Infinity":23,"s:182:6:187:Infinity":108,"s:183:8:183:Infinity":109,"s:184:8:184:Infinity":110,"s:186:8:186:Infinity":111,"s:189:6:189:Infinity":112,"s:190:6:190:Infinity":113,"s:194:2:275:Infinity":114,"f:198:15:198:19":20,"s:199:10:208:Infinity":115,"b:201:37:201:49:201:49:201:Infinity":24,"f:203:12:203:27":21,"s:203:27:203:Infinity":116,"b:206:76:206:86:206:86:206:96":25,"b:245:12:255:13:255:12:255:Infinity":26,"f:247:66:247:71":22,"s:247:76:247:95":117,"f:250:28:250:33":23,"s:250:38:250:57":118,"f:251:28:251:33":24,"s:251:38:251:57":119,"f:262:51:262:58":25,"s:262:63:262:112":120,"f:266:51:266:58":26,"s:266:63:266:86":121,"f:270:51:270:58":27,"s:270:63:270:78":122},"fnNames":{}}}
,"F:\\midfield-ai\\src\\components\\ProtectedRoute.jsx": {"path":"F:\\midfield-ai\\src\\components\\ProtectedRoute.jsx","statementMap":{"0":{"start":{"line":10,"column":37},"end":{"line":10,"column":45}},"1":{"start":{"line":11,"column":19},"end":{"line":11,"column":31}},"2":{"start":{"line":13,"column":2},"end":{"line":25,"column":null}},"3":{"start":{"line":14,"column":4},"end":{"line":23,"column":null}},"4":{"start":{"line":27,"column":2},"end":{"line":29,"column":null}},"5":{"start":{"line":28,"column":4},"end":{"line":28,"column":null}},"6":{"start":{"line":31,"column":19},"end":{"line":31,"column":null}},"7":{"start":{"line":34,"column":21},"end":{"line":34,"column":null}},"8":{"start":{"line":35,"column":2},"end":{"line":37,"column":null}},"9":{"start":{"line":36,"column":4},"end":{"line":36,"column":null}},"10":{"start":{"line":39,"column":2},"end":{"line":76,"column":null}},"11":{"start":{"line":40,"column":21},"end":{"line":40,"column":null}},"12":{"start":{"line":42,"column":18},"end":{"line":42,"column":null}},"13":{"start":{"line":43,"column":20},"end":{"line":43,"column":null}},"14":{"start":{"line":45,"column":4},"end":{"line":54,"column":null}},"15":{"start":{"line":46,"column":6},"end":{"line":46,"column":null}},"16":{"start":{"line":47,"column":11},"end":{"line":54,"column":null}},"17":{"start":{"line":48,"column":6},"end":{"line":48,"column":null}},"18":{"start":{"line":49,"column":11},"end":{"line":54,"column":null}},"19":{"start":{"line":50,"column":6},"end":{"line":50,"column":null}},"20":{"start":{"line":53,"column":6},"end":{"line":53,"column":null}},"21":{"start":{"line":56,"column":4},"end":{"line":75,"column":null}},"22":{"start":{"line":57,"column":6},"end":{"line":73,"column":null}},"23":{"start":{"line":70,"column":68},"end":{"line":70,"column":91}},"24":{"start":{"line":78,"column":2},"end":{"line":78,"column":null}}},"fnMap":{"0":{"name":"ProtectedRoute","decl":{"start":{"line":9,"column":24},"end":{"line":9,"column":39}},"loc":{"start":{"line":9,"column":67},"end":{"line":79,"column":null}},"line":9},"1":{"name":"(anonymous_1)","decl":{"start":{"line":70,"column":53},"end":{"line":70,"column":68}},"loc":{"start":{"line":70,"column":68},"end":{"line":70,"column":91}},"line":70}},"branchMap":{"0":{"loc":{"start":{"line":13,"column":2},"end":{"line":25,"column":null}},"type":"if","locations":[{"start":{"line":13,"column":2},"end":{"line":25,"column":null}},{"start":{},"end":{}}],"line":13},"1":{"loc":{"start":{"line":27,"column":2},"end":{"line":29,"column":null}},"type":"if","locations":[{"start":{"line":27,"column":2},"end":{"line":29,"column":null}},{"start":{},"end":{}}],"line":27},"2":{"loc":{"start":{"line":31,"column":19},"end":{"line":31,"column":null}},"type":"binary-expr","locations":[{"start":{"line":31,"column":19},"end":{"line":31,"column":36}},{"start":{"line":31,"column":36},"end":{"line":31,"column":null}}],"line":31},"3":{"loc":{"start":{"line":34,"column":21},"end":{"line":34,"column":null}},"type":"binary-expr","locations":[{"start":{"line":34,"column":21},"end":{"line":34,"column":53}},{"start":{"line":34,"column":53},"end":{"line":34,"column":null}}],"line":34},"4":{"loc":{"start":{"line":35,"column":2},"end":{"line":37,"column":null}},"type":"if","locations":[{"start":{"line":35,"column":2},"end":{"line":37,"column":null}},{"start":{},"end":{}}],"line":35},"5":{"loc":{"start":{"line":35,"column":6},"end":{"line":35,"column":77}},"type":"binary-expr","locations":[{"start":{"line":35,"column":6},"end":{"line":35,"column":28}},{"start":{"line":35,"column":28},"end":{"line":35,"column":43}},{"start":{"line":35,"column":43},"end":{"line":35,"column":77}}],"line":35},"6":{"loc":{"start":{"line":39,"column":2},"end":{"line":76,"column":null}},"type":"if","locations":[{"start":{"line":39,"column":2},"end":{"line":76,"column":null}},{"start":{},"end":{}}],"line":39},"7":{"loc":{"start":{"line":40,"column":21},"end":{"line":40,"column":null}},"type":"binary-expr","locations":[{"start":{"line":40,"column":21},"end":{"line":40,"column":38}},{"start":{"line":40,"column":38},"end":{"line":40,"column":null}}],"line":40},"8":{"loc":{"start":{"line":42,"column":18},"end":{"line":42,"column":null}},"type":"cond-expr","locations":[{"start":{"line":42,"column":48},"end":{"line":42,"column":63}},{"start":{"line":42,"column":63},"end":{"line":42,"column":null}}],"line":42},"9":{"loc":{"start":{"line":45,"column":4},"end":{"line":54,"column":null}},"type":"if","locations":[{"start":{"line":45,"column":4},"end":{"line":54,"column":null}},{"start":{"line":47,"column":11},"end":{"line":54,"column":null}}],"line":45},"10":{"loc":{"start":{"line":47,"column":11},"end":{"line":54,"column":null}},"type":"if","locations":[{"start":{"line":47,"column":11},"end":{"line":54,"column":null}},{"start":{"line":49,"column":11},"end":{"line":54,"column":null}}],"line":47},"11":{"loc":{"start":{"line":48,"column":18},"end":{"line":48,"column":null}},"type":"binary-expr","locations":[{"start":{"line":48,"column":18},"end":{"line":48,"column":45}},{"start":{"line":48,"column":45},"end":{"line":48,"column":70}},{"start":{"line":48,"column":70},"end":{"line":48,"column":null}}],"line":48},"12":{"loc":{"start":{"line":49,"column":11},"end":{"line":54,"column":null}},"type":"if","locations":[{"start":{"line":49,"column":11},"end":{"line":54,"column":null}},{"start":{"line":51,"column":11},"end":{"line":54,"column":null}}],"line":49},"13":{"loc":{"start":{"line":53,"column":18},"end":{"line":53,"column":null}},"type":"binary-expr","locations":[{"start":{"line":53,"column":18},"end":{"line":53,"column":43}},{"start":{"line":53,"column":43},"end":{"line":53,"column":null}}],"line":53},"14":{"loc":{"start":{"line":56,"column":4},"end":{"line":75,"column":null}},"type":"if","locations":[{"start":{"line":56,"column":4},"end":{"line":75,"column":null}},{"start":{},"end":{}}],"line":56}},"s":{"0":0,"1":0,"2":0,"3":0,"4":0,"5":0,"6":0,"7":0,"8":0,"9":0,"10":0,"11":0,"12":0,"13":0,"14":0,"15":0,"16":0,"17":0,"18":0,"19":0,"20":0,"21":0,"22":0,"23":0,"24":0},"f":{"0":0,"1":0},"b":{"0":[0,0],"1":[0,0],"2":[0,0],"3":[0,0],"4":[0,0],"5":[0,0,0],"6":[0,0],"7":[0,0],"8":[0,0],"9":[0,0],"10":[0,0],"11":[0,0,0],"12":[0,0],"13":[0,0],"14":[0,0]},"meta":{"lastBranch":15,"lastFunction":2,"lastStatement":25,"seen":{"f:9:24:9:39":0,"s:10:37:10:45":0,"s:11:19:11:31":1,"b:13:2:25:Infinity:undefined:undefined:undefined:undefined":0,"s:13:2:25:Infinity":2,"s:14:4:23:Infinity":3,"b:27:2:29:Infinity:undefined:undefined:undefined:undefined":1,"s:27:2:29:Infinity":4,"s:28:4:28:Infinity":5,"s:31:19:31:Infinity":6,"b:31:19:31:36:31:36:31:Infinity":2,"s:34:21:34:Infinity":7,"b:34:21:34:53:34:53:34:Infinity":3,"b:35:2:37:Infinity:undefined:undefined:undefined:undefined":4,"s:35:2:37:Infinity":8,"b:35:6:35:28:35:28:35:43:35:43:35:77":5,"s:36:4:36:Infinity":9,"b:39:2:76:Infinity:undefined:undefined:undefined:undefined":6,"s:39:2:76:Infinity":10,"s:40:21:40:Infinity":11,"b:40:21:40:38:40:38:40:Infinity":7,"s:42:18:42:Infinity":12,"b:42:48:42:63:42:63:42:Infinity":8,"s:43:20:43:Infinity":13,"b:45:4:54:Infinity:47:11:54:Infinity":9,"s:45:4:54:Infinity":14,"s:46:6:46:Infinity":15,"b:47:11:54:Infinity:49:11:54:Infinity":10,"s:47:11:54:Infinity":16,"s:48:6:48:Infinity":17,"b:48:18:48:45:48:45:48:70:48:70:48:Infinity":11,"b:49:11:54:Infinity:51:11:54:Infinity":12,"s:49:11:54:Infinity":18,"s:50:6:50:Infinity":19,"s:53:6:53:Infinity":20,"b:53:18:53:43:53:43:53:Infinity":13,"b:56:4:75:Infinity:undefined:undefined:undefined:undefined":14,"s:56:4:75:Infinity":21,"s:57:6:73:Infinity":22,"f:70:53:70:68":1,"s:70:68:70:91":23,"s:78:2:78:Infinity":24},"fnNames":{}}}
,"F:\\midfield-ai\\src\\components\\Sidebar.jsx": {"path":"F:\\midfield-ai\\src\\components\\Sidebar.jsx","statementMap":{"0":{"start":{"line":8,"column":18},"end":{"line":19,"column":null}},"1":{"start":{"line":9,"column":16},"end":{"line":9,"column":39}},"2":{"start":{"line":10,"column":16},"end":{"line":10,"column":39}},"3":{"start":{"line":11,"column":16},"end":{"line":11,"column":39}},"4":{"start":{"line":12,"column":16},"end":{"line":12,"column":39}},"5":{"start":{"line":13,"column":16},"end":{"line":13,"column":39}},"6":{"start":{"line":14,"column":16},"end":{"line":14,"column":39}},"7":{"start":{"line":15,"column":16},"end":{"line":15,"column":39}},"8":{"start":{"line":16,"column":16},"end":{"line":16,"column":39}},"9":{"start":{"line":17,"column":16},"end":{"line":17,"column":39}},"10":{"start":{"line":18,"column":16},"end":{"line":18,"column":39}},"11":{"start":{"line":22,"column":22},"end":{"line":22,"column":30}},"12":{"start":{"line":23,"column":19},"end":{"line":23,"column":31}},"13":{"start":{"line":24,"column":19},"end":{"line":24,"column":null}},"14":{"start":{"line":25,"column":18},"end":{"line":25,"column":null}},"15":{"start":{"line":27,"column":18},"end":{"line":34,"column":null}},"16":{"start":{"line":28,"column":4},"end":{"line":28,"column":null}},"17":{"start":{"line":28,"column":20},"end":{"line":28,"column":null}},"18":{"start":{"line":29,"column":18},"end":{"line":29,"column":null}},"19":{"start":{"line":30,"column":4},"end":{"line":30,"column":null}},"20":{"start":{"line":30,"column":30},"end":{"line":30,"column":null}},"21":{"start":{"line":31,"column":4},"end":{"line":31,"column":null}},"22":{"start":{"line":31,"column":30},"end":{"line":31,"column":null}},"23":{"start":{"line":32,"column":4},"end":{"line":32,"column":null}},"24":{"start":{"line":32,"column":34},"end":{"line":32,"column":null}},"25":{"start":{"line":33,"column":4},"end":{"line":33,"column":null}},"26":{"start":{"line":36,"column":2},"end":{"line":92,"column":null}},"27":{"start":{"line":57,"column":10},"end":{"line":81,"column":null}},"28":{"start":{"line":60,"column":29},"end":{"line":60,"column":45}},"29":{"start":{"line":60,"column":45},"end":{"line":60,"column":82}}},"fnMap":{"0":{"name":"(anonymous_0)","decl":{"start":{"line":9,"column":4},"end":{"line":9,"column":16}},"loc":{"start":{"line":9,"column":16},"end":{"line":9,"column":39}},"line":9},"1":{"name":"(anonymous_1)","decl":{"start":{"line":10,"column":4},"end":{"line":10,"column":16}},"loc":{"start":{"line":10,"column":16},"end":{"line":10,"column":39}},"line":10},"2":{"name":"(anonymous_2)","decl":{"start":{"line":11,"column":4},"end":{"line":11,"column":16}},"loc":{"start":{"line":11,"column":16},"end":{"line":11,"column":39}},"line":11},"3":{"name":"(anonymous_3)","decl":{"start":{"line":12,"column":4},"end":{"line":12,"column":16}},"loc":{"start":{"line":12,"column":16},"end":{"line":12,"column":39}},"line":12},"4":{"name":"(anonymous_4)","decl":{"start":{"line":13,"column":4},"end":{"line":13,"column":16}},"loc":{"start":{"line":13,"column":16},"end":{"line":13,"column":39}},"line":13},"5":{"name":"(anonymous_5)","decl":{"start":{"line":14,"column":4},"end":{"line":14,"column":16}},"loc":{"start":{"line":14,"column":16},"end":{"line":14,"column":39}},"line":14},"6":{"name":"(anonymous_6)","decl":{"start":{"line":15,"column":4},"end":{"line":15,"column":16}},"loc":{"start":{"line":15,"column":16},"end":{"line":15,"column":39}},"line":15},"7":{"name":"(anonymous_7)","decl":{"start":{"line":16,"column":4},"end":{"line":16,"column":16}},"loc":{"start":{"line":16,"column":16},"end":{"line":16,"column":39}},"line":16},"8":{"name":"(anonymous_8)","decl":{"start":{"line":17,"column":4},"end":{"line":17,"column":16}},"loc":{"start":{"line":17,"column":16},"end":{"line":17,"column":39}},"lin
[...]
t":{"line":122,"column":67},"end":{"line":122,"column":71}}],"line":122},"12":{"loc":{"start":{"line":129,"column":4},"end":{"line":129,"column":null}},"type":"if","locations":[{"start":{"line":129,"column":4},"end":{"line":129,"column":null}},{"start":{},"end":{}}],"line":129},"13":{"loc":{"start":{"line":130,"column":4},"end":{"line":130,"column":null}},"type":"if","locations":[{"start":{"line":130,"column":4},"end":{"line":130,"column":null}},{"start":{},"end":{}}],"line":130},"14":{"loc":{"start":{"line":131,"column":4},"end":{"line":131,"column":null}},"type":"if","locations":[{"start":{"line":131,"column":4},"end":{"line":131,"column":null}},{"start":{},"end":{}}],"line":131},"15":{"loc":{"start":{"line":131,"column":8},"end":{"line":131,"column":45}},"type":"binary-expr","locations":[{"start":{"line":131,"column":8},"end":{"line":131,"column":27}},{"start":{"line":131,"column":27},"end":{"line":131,"column":45}}],"line":131},"16":{"loc":{"start":{"line":132,"column":4},"end":{"line":132,"column":null}},"type":"if","locations":[{"start":{"line":132,"column":4},"end":{"line":132,"column":null}},{"start":{},"end":{}}],"line":132},"17":{"loc":{"start":{"line":132,"column":8},"end":{"line":132,"column":29}},"type":"binary-expr","locations":[{"start":{"line":132,"column":8},"end":{"line":132,"column":19}},{"start":{"line":132,"column":19},"end":{"line":132,"column":29}}],"line":132}},"s":{"0":6,"1":6,"2":6,"3":6,"4":6,"5":0,"6":0,"7":0,"8":0,"9":0,"10":0,"11":0,"12":0,"13":0,"14":0,"15":0,"16":0,"17":0,"18":0,"19":0,"20":0,"21":0,"22":0,"23":0,"24":0,"25":0,"26":0,"27":0,"28":0,"29":0,"30":0,"31":6,"32":0,"33":0,"34":0,"35":0,"36":0,"37":0,"38":0,"39":0,"40":0,"41":0,"42":0,"43":0,"44":0,"45":0,"46":0,"47":0,"48":0,"49":0,"50":0,"51":0,"52":0,"53":0},"f":{"0":0,"1":0,"2":0,"3":0,"4":0,"5":0,"6":0,"7":0,"8":0,"9":0,"10":0},"b":{"0":[0,0],"1":[0,0],"2":[0,0],"3":[0],"4":[0],"5":[0],"6":[0,0],"7":[0],"8":[0,0],"9":[0,0],"10":[0,0],"11":[0],"12":[0,0],"13":[0,0],"14":[0,0],"15":[0,0],"16":[0,0],"17":[0,0]},"meta":{"lastBranch":18,"lastFunction":11,"lastStatement":54,"seen":{"s:4:18:4:Infinity":0,"s:5:27:5:Infinity":1,"s:6:26:6:Infinity":2,"s:10:29:38:Infinity":3,"s:40:23:67:Infinity":4,"f:41:2:41:14":0,"s:41:27:42:Infinity":5,"f:51:2:51:18":1,"s:51:18:51:Infinity":6,"f:55:2:55:15":2,"s:55:28:56:Infinity":7,"f:59:2:59:16":3,"s:59:29:60:Infinity":8,"f:70:15:70:27":4,"b:72:2:78:Infinity:74:9:78:Infinity":0,"s:72:2:78:Infinity":9,"s:73:4:73:Infinity":10,"b:74:9:78:Infinity:76:9:78:Infinity":1,"s:74:9:78:Infinity":11,"s:75:4:75:Infinity":12,"b:76:9:78:Infinity:undefined:undefined:undefined:undefined":2,"s:76:9:78:Infinity":13,"s:77:4:77:Infinity":14,"s:79:2:79:Infinity":15,"f:82:22:82:37":5,"b:82:59:82:72":3,"b:82:83:82:89":4,"b:82:106:82:112":5,"s:83:2:89:Infinity":16,"s:84:19:84:Infinity":17,"s:85:4:85:Infinity":18,"s:87:4:87:Infinity":19,"s:88:4:88:Infinity":20,"b:88:28:88:43:88:43:88:Infinity":6,"f:92:16:92:26":6,"b:92:39:92:45":7,"b:93:2:93:Infinity:undefined:undefined:undefined:undefined":8,"s:93:2:93:Infinity":21,"s:93:31:93:Infinity":22,"s:94:2:94:Infinity":23,"s:95:20:95:Infinity":24,"s:96:20:96:Infinity":25,"s:97:18:97:Infinity":26,"s:98:2:98:Infinity":27,"b:98:19:98:36:98:36:98:Infinity":9,"s:99:2:99:Infinity":28,"f:102:16:102:31":7,"b:103:2:103:Infinity:undefined:undefined:undefined:undefined":10,"s:103:2:103:Infinity":29,"s:103:30:103:Infinity":30,"s:106:37:120:Infinity":31,"f:122:16:122:35":8,"b:122:67:122:71":11,"s:123:39:123:Infinity":32,"s:124:17:124:Infinity":33,"s:125:20:125:Infinity":34,"s:128:2:138:Infinity":35,"b:129:4:129:Infinity:undefined:undefined:undefined:undefined":12,"s:129:4:129:Infinity":36,"s:129:30:129:Infinity":37,"b:130:4:130:Infinity:undefined:undefined:undefined:undefined":13,"s:130:4:130:Infinity":38,"s:130:40:130:Infinity":39,"b:131:4:131:Infinity:undefined:undefined:undefined:undefined":14,"s:131:4:131:Infinity":40,"b:131:8:131:27:131:27:131:45":15,"s:131:45:131:Infinity":41,"b:132:4:132:Infinity:undefined:undefined:undefined:undefined":16,"s:132:4:132:Infinity":42,"b:132:8:132:19:132:19:132:29":17,"s:132:29:132:Infinity":43,"s:136:4:136:Infinity":44,"s:137:4:137:Infinity":45,"s:140:2:140:Infinity":46,"f:143:16:143:42":9,"s:144:15:144:Infinity":47,"s:145:2:147:Infinity":48,"f:150:22:150:47":10,"s:151:2:157:Infinity":49,"s:152:19:152:Infinity":50,"s:153:4:153:Infinity":51,"s:155:4:155:Infinity":52,"s:156:4:156:Infinity":53},"fnNames":{}}}
,"F:\\midfield-ai\\src\\utils\\graphEngine.js": {"path":"F:\\midfield-ai\\src\\utils\\graphEngine.js","statementMap":{"0":{"start":{"line":3,"column":29},"end":{"line":54,"column":null}},"1":{"start":{"line":58,"column":14},"end":{"line":58,"column":null}},"2":{"start":{"line":59,"column":2},"end":{"line":61,"column":null}},"3":{"start":{"line":60,"column":4},"end":{"line":60,"column":null}},"4":{"start":{"line":62,"column":2},"end":{"line":67,"column":null}},"5":{"start":{"line":63,"column":4},"end":{"line":66,"column":null}},"6":{"start":{"line":64,"column":6},"end":{"line":64,"column":null}},"7":{"start":{"line":65,"column":6},"end":{"line":65,"column":null}},"8":{"start":{"line":68,"column":2},"end":{"line":68,"column":null}},"9":{"start":{"line":72,"column":2},"end":{"line":74,"column":null}},"10":{"start":{"line":73,"column":4},"end":{"line":73,"column":null}},"11":{"start":{"line":76,"column":14},"end":{"line":76,"column":null}},"12":{"start":{"line":77,"column":20},"end":{"line":77,"column":null}},"13":{"start":{"line":78,"column":19},"end":{"line":78,"column":null}},"14":{"start":{"line":79,"column":16},"end":{"line":79,"column":null}},"15":{"start":{"line":81,"column":2},"end":{"line":84,"column":null}},"16":{"start":{"line":82,"column":4},"end":{"line":82,"column":null}},"17":{"start":{"line":83,"column":4},"end":{"line":83,"column":null}},"18":{"start":{"line":85,"column":2},"end":{"line":85,"column":null}},"19":{"start":{"line":87,"column":2},"end":{"line":123,"column":null}},"20":{"start":{"line":88,"column":18},"end":{"line":88,"column":null}},"21":{"start":{"line":89,"column":4},"end":{"line":93,"column":null}},"22":{"start":{"line":90,"column":6},"end":{"line":92,"column":null}},"23":{"start":{"line":91,"column":8},"end":{"line":91,"column":null}},"24":{"start":{"line":95,"column":4},"end":{"line":97,"column":null}},"25":{"start":{"line":96,"column":6},"end":{"line":96,"column":null}},"26":{"start":{"line":99,"column":4},"end":{"line":99,"column":null}},"27":{"start":{"line":102,"column":4},"end":{"line":114,"column":null}},"28":{"start":{"line":103,"column":17},"end":{"line":103,"column":null}},"29":{"start":{"line":104,"column":20},"end":{"line":104,"column":null}},"30":{"start":{"line":105,"column":6},"end":{"line":108,"column":null}},"31":{"start":{"line":106,"column":8},"end":{"line":106,"column":null}},"32":{"start":{"line":107,"column":8},"end":{"line":107,"column":null}},"33":{"start":{"line":109,"column":6},"end":{"line":113,"column":null}},"34":{"start":{"line":116,"column":4},"end":{"line":122,"column":null}},"35":{"start":{"line":117,"column":18},"end":{"line":117,"column":null}},"36":{"start":{"line":118,"column":6},"end":{"line":121,"column":null}},"37":{"start":{"line":119,"column":8},"end":{"line":119,"column":null}},"38":{"start":{"line":120,"column":8},"end":{"line":120,"column":null}},"39":{"start":{"line":125,"column":2},"end":{"line":125,"column":null}},"40":{"start":{"line":129,"column":2},"end":{"line":131,"column":null}},"41":{"start":{"line":130,"column":4},"end":{"line":130,"column":null}},"42":{"start":{"line":133,"column":14},"end":{"line":133,"column":null}},"43":{"start":{"line":137,"column":21},"end":{"line":137,"column":null}},"44":{"start":{"line":138,"column":2},"end":{"line":140,"column":null}},"45":{"start":{"line":139,"column":4},"end":{"line":139,"column":null}},"46":{"start":{"line":142,"column":20},"end":{"line":142,"column":null}},"47":{"start":{"line":143,"column":19},"end":{"line":143,"column":null}},"48":{"start":{"line":144,"column":16},"end":{"line":144,"column":null}},"49":{"start":{"line":146,"column":2},"end":{"line":149,"column":null}},"50":{"start":{"line":147,"column":4},"end":{"line":147,"column":null}},"51":{"start":{"line":148,"column":4},"end":{"line":148,"column":null}},"52":{"start":{"line":150,"column":2},"end":{"line":150,"column":null}},"53":{"start":{"line":152,"column":2},"end":{"line":199,"column":null}},"54":{"start":{"line":153,"column":18},"end":{"line":153,"column":null}},"55":{"start":{"line":154,"column":4},"end":{"line":158,"column":null}},"56":{"start":{"line":155,"column":6},"end":{"line":157,"column":null}},"57":{"start":{"line":156,"column":8},"end":{"line":156,"column":null}},"58":{"start":{"line":160,"column":4},"end":{"line":162,"column":null}},"59":{"start":{"line":161,"column":6},"end":{"line":161,"column":null}},"60":{"start":{"line":164,"column":4},"end":{"line":164,"column":null}},"61":{"start":{"line":166,"column":4},"end":{"line":177,"column":null}},"62":{"start":{"line":167,"column":17},"end":{"line":167,"column":null}},"63":{"start":{"line":168,"column":20},"end":{"line":168,"column":null}},"64":{"start":{"line":169,"column":6},"end":{"line":172,"column":null}},"65":{"start":{"line":170,"column":8},"end":{"line":170,"column":null}},"66":{"start":{"line":171,"column":8},"end":{"line":171,"column":null}},"67":{"start":{"line":173,"column":6},"end":{"line":176,"column":null}},"68":{"start":{"line":179,"column":4},"end":{"line":198,"column":null}},"69":{"start":{"line":183,"column":28},"end":{"line":183,"column":null}},"70":{"start":{"line":184,"column":22},"end":{"line":184,"column":null}},"71":{"start":{"line":186,"column":26},"end":{"line":186,"column":null}},"72":{"start":{"line":187,"column":6},"end":{"line":191,"column":null}},"73":{"start":{"line":188,"column":8},"end":{"line":188,"column":null}},"74":{"start":{"line":189,"column":13},"end":{"line":191,"column":null}},"75":{"start":{"line":190,"column":8},"end":{"line":190,"column":null}},"76":{"start":{"line":193,"column":18},"end":{"line":193,"column":null}},"77":{"start":{"line":194,"column":6},"end":{"line":197,"column":null}},"78":{"start":{"line":195,"column":8},"end":{"line":195,"column":null}},"79":{"start":{"line":196,"column":8},"end":{"line":196,"column":null}},"80":{"start":{"line":201,"column":2},"end":{"line":201,"column":null}}},"fnMap":{"0":{"name":"buildAdjacencyList","decl":{"start":{"line":57,"column":9},"end":{"line":57,"column":28}},"loc":{"start":{"line":57,"column":35},"end":{"line":69,"column":null}},"line":57},"1":{"name":"findNearestNodeOfType","decl":{"start":{"line":71,"column":16},"end":{"line":71,"column":38}},"loc":{"start":{"line":71,"column":70},"end":{"line":126,"column":null}},"line":71},"2":{"name":"calculateDynamicRoute","decl":{"start":{"line":128,"column":16},"end":{"line":128,"column":38}},"loc":{"start":{"line":128,"column":85},"end":{"line":202,"column":null}},"line":128},"3":{"name":"(anonymous_3)","decl":{"start":{"line":138,"column":12},"end":{"line":138,"column":20}},"loc":{"start":{"line":138,"column":25},"end":{"line":140,"column":3}},"line":138}},"branchMap":{"0":{"loc":{"start":{"line":63,"column":4},"end":{"line":66,"column":null}},"type":"if","locations":[{"start":{"line":63,"column":4},"end":{"line":66,"column":null}},{"start":{},"end":{}}],"line":63},"1":{"loc":{"start":{"line":63,"column":8},"end":{"line":63,"column":40}},"type":"binary-expr","locations":[{"start":{"line":63,"column":8},"end":{"line":63,"column":26}},{"start":{"line":63,"column":26},"end":{"line":63,"column":40}}],"line":63},"2":{"loc":{"start":{"line":72,"column":2},"end":{"line":74,"column":null}},"type":"if","locations":[{"start":{"line":72,"column":2},"end":{"line":74,"column":null}},{"start":{},"end":{}}],"line":72},"3":{"loc":{"start":{"line":90,"column":6},"end":{"line":92,"column":null}},"type":"if","locations":[{"start":{"line":90,"column":6},"end":{"line":92,"column":null}},{"start":{},"end":{}}],"line":90},"4":{"loc":{"start":{"line":90,"column":10},"end":{"line":90,"column":68}},"type":"binary-expr","locations":[{"start":{"line":90,"column":10},"end":{"line":90,"column":30}},{"start":{"line":90,"column":30},"end":{"line":90,"column":68}}],"line":90},"5":{"loc":{"start":{"line":95,"column":4},"end":{"line":97,"column":null}},"type":"if","locations":[{"start":{"line":95,"column":4},"end":{"line":97,"column":null}},{"start":{},"end":{}}],"line":95},"6":{"loc":{"start":{"line":102,"column":4},"end":{"line":114,"column":null}},"type":"if","locations":[{"start":{"line":102,"column":4},"end":{"line":114,"column":null}},{"start":{},"end":{}}],"line":102},"7":{"loc":{"start":{"line":102,"column":8},"end":{"line":102,"column":77}},"type":"binary-expr","locations":[{"start":{"line":102,"column":8},"end":{"line":102,"column":52}},{"start":{"line":102,"column":52},"end":{"line":102,"column":77}}],"line":102},"8":{"loc":{"start":{"line":118,"column":6},"end":{"line":121,"column":null}},"type":"if","locations":[{"start":{"line":118,"column":6},"end":{"line":121,"column":null}},{"start":{},"end":{}}],"line":118},"9":{"loc":{"start":{"line":128,"column":69},"end":{"line":128,"column":85}},"type":"default-arg","locations":[{"start":{"line":128,"column":81},"end":{"line":128,"column":85}}],"line":128},"10":{"loc":{"start":{"line":129,"column":2},"end":{"line":131,"column":null}},"type":"if","locations":[{"start":{"line":129,"column":2},"end":{"line":131,"column":null}},{"start":{},"end":{}}],"line":129},"11":{"loc":{"start":{"line":129,"column":6},"end":{"line":129,"column":60}},"type":"binary-expr","locations":[{"start":{"line":129,"column":6},"end":{"line":129,"column":35}},{"start":{"line":129,"column":35},"end":{"line":129,"column":60}}],"line":129},"12":{"loc":{"start":{"line":155,"column":6},"end":{"line":157,"column":null}},"type":"if","locations":[{"start":{"line":155,"column":6},"end":{"line":157,"column":null}},{"start":{},"end":{}}],"line":155},"13":{"loc":{"start":{"line":155,"column":10},"end":{"line":155,"column":68}},"type":"binary-expr","locations":[{"start":{"line":155,"column":10},"end":{"line":155,"column":30}},{"start":{"line":155,"column":30},"end":{"line":155,"column":68}}],"line":155},"14":{"loc":{"start":{"line":160,"column":4},"end":{"line":162,"column":null}},"type":"if","locations":[{"start":{"line":160,"column":4},"end":{"line":162,"column":null}},{"start":{},"end":{}}],"line":160},"15":{"loc":{"start":{"line":166,"column":4},"end":{"line":177,"column":null}},"type":"if","locations":[{"start":{"line":166,"column":4},"end":{"line":177,"column":null}},{"start":{},"end":{}}],"line":166},"16":{"loc":{"start":{"line":184,"column":22},"end":{"line":184,"column":null}},"type":"binary-expr","locations":[{"start":{"line":184,"column":22},"end":{"line":184,"column":51}},{"start":{"line":184,"column":51},"end":{"line":184,"column":null}}],"line":184},"17":{"loc":{"start":{"line":187,"column":6},"end":{"line":191,"column":null}},"type":"if","locations":[{"start":{"line":187,"column":6},"end":{"line":191,"column":null}},{"start":{"line":189,"column":13},"end":{"line":191,"column":null}}],"line":187},"18":{"loc":{"start":{"line":189,"column":13},"end":{"line":191,"column":null}},"type":"if","locations":[{"start":{"line":189,"column":13},"end":{"line":191,"column":null}},{"start":{},"end":{}}],"line":189},"19":{"loc":{"start":{"line":194,"column":6},"end":{"line":197,"column":null}},"type":"if","locations":[{"start":{"line":194,"column":6},"end":{"line":197,"column":null}},{"start":{},"end":{}}],"line":194}},"s":{"0":4,"1":2,"2":2,"3":26,"4":2,"5":34,"6":34,"7":34,"8":2,"9":1,"10":0,"11":1,"12":1,"13":1,"14":1,"15":1,"16":13,"17":13,"18":1,"19":1,"20":3,"21":3,"22":36,"23":5,"24":3,"25":0,"26":3,"27":3,"28":1,"29":1,"30":1,"31":2,"32":2,"33":1,"34":2,"35":7,"36":7,"37":6,"38":6,"39":0,"40":1,"41":0,"42":1,"43":1,"44":1,"45":0,"46":1,"47":1,"48":1,"49":1,"50":13,"51":13,"52":1,"53":1,"54":3,"55":3,"56":36,"57":5,"58":3,"59":0,"60":3,"61":3,"62":1,"63":1,"64":1,"65":2,"66":2,"67":1,"68":2,"69":7,"70":7,"71":7,"72":7,"73":0,"74":7,"75":0,"76":7,"77":7,"78":6,"79":6,"80":0},"f":{"0":2,"1":1,"2":1,"3":0},"b":{"0":[34,0],"1":[34,34],"2":[0,1],"3":[5,31],"4":[36,33],"5":[0,3],"6":[1,2],"7":[3,1],"8":[6,1],"9":[1],"10":[0,1],"11":[1,1],"12":[5,31],"13":[36,33],"14":[0,3],"15":[1,2],"16":[7,7],"17":[0,7],"18":[0,7],"19":[6,1]},"meta":{"lastBranch":20,"lastFunction":4,"lastStatement":81,"seen":{"s:3:29:54:Infinity":0,"f:57:9:57:28":0,"s:58:14:58:Infinity":1,"s:59:2:61:Infinity":2,"s:60:4:60:Infinity":3,"s:62:2:67:Infinity":4,"b:63:4:66:Infinity:undefined:undefined:undefined:undefined":0,"s:63:4:66:Infinity":5,"b:63:8:63:26:63:26:63:40":1,"s:64:6:64:Infinity":6,"s:65:6:65:Infinity":7,"s:68:2:68:Infinity":8,"f:71:16:71:38":1,"b:72:2:74:Infinity:undefined:undefined:undefined:undefined":2,"s:72:2:74:Infinity":9,"s:73:4:73:Infinity":10,"s:76:14:76:Infinity":11,"s:77:20:77:Infinity":12,"s:78:19:78:Infinity":13,"s:79:16:79:Infinity":14,"s:81:2:84:Infinity":15,"s:82:4:82:Infinity":16,"s:83:4:83:Infinity":17,"s:85:2:85:Infinity":18,"s:87:2:123:Infinity":19,"s:88:18:88:Infinity":20,"s:89:4:93:Infinity":21,"b:90:6:92:Infinity:undefined:undefined:undefined:undefined":3,"s:90:6:92:Infinity":22,"b:90:10:90:30:90:30:90:68":4,"s:91:8:91:Infinity":23,"b:95:4:97:Infinity:undefined:undefined:undefined:undefined":5,"s:95:4:97:Infinity":24,"s:96:6:96:Infinity":25,"s:99:4:99:Infinity":26,"b:102:4:114:Infinity:undefined:undefined:undefined:undefined":6,"s:102:4:114:Infinity":27,"b:102:8:102:52:102:52:102:77":7,"s:103:17:103:Infinity":28,"s:104:20:104:Infinity":29,"s:105:6:108:Infinity":30,"s:106:8:106:Infinity":31,"s:107:8:107:Infinity":32,"s:109:6:113:Infinity":33,"s:116:4:122:Infinity":34,"s:117:18:117:Infinity":35,"b:118:6:121:Infinity:undefined:undefined:undefined:undefined":8,"s:118:6:121:Infinity":36,"s:119:8:119:Infinity":37,"s:120:8:120:Infinity":38,"s:125:2:125:Infinity":39,"f:128:16:128:38":2,"b:128:81:128:85":9,"b:129:2:131:Infinity:undefined:undefined:undefined:undefined":10,"s:129:2:131:Infinity":40,"b:129:6:129:35:129:35:129:60":11,"s:130:4:130:Infinity":41,"s:133:14:133:Infinity":42,"s:137:21:137:Infinity":43,"s:138:2:140:Infinity":44,"f:138:12:138:20":3,"s:139:4:139:Infinity":45,"s:142:20:142:Infinity":46,"s:143:19:143:Infinity":47,"s:144:16:144:Infinity":48,"s:146:2:149:Infinity":49,"s:147:4:147:Infinity":50,"s:148:4:148:Infinity":51,"s:150:2:150:Infinity":52,"s:152:2:199:Infinity":53,"s:153:18:153:Infinity":54,"s:154:4:158:Infinity":55,"b:155:6:157:Infinity:undefined:undefined:undefined:undefined":12,"s:155:6:157:Infinity":56,"b:155:10:155:30:155:30:155:68":13,"s:156:8:156:Infinity":57,"b:160:4:162:Infinity:undefined:undefined:undefined:undefined":14,"s:160:4:162:Infinity":58,"s:161:6:161:Infinity":59,"s:164:4:164:Infinity":60,"b:166:4:177:Infinity:undefined:undefined:undefined:undefined":15,"s:166:4:177:Infinity":61,"s:167:17:167:Infinity":62,"s:168:20:168:Infinity":63,"s:169:6:172:Infinity":64,"s:170:8:170:Infinity":65,"s:171:8:171:Infinity":66,"s:173:6:176:Infinity":67,"s:179:4:198:Infinity":68,"s:183:28:183:Infinity":69,"s:184:22:184:Infinity":70,"b:184:22:184:51:184:51:184:Infinity":16,"s:186:26:186:Infinity":71,"b:187:6:191:Infinity:189:13:191:Infinity":17,"s:187:6:191:Infinity":72,"s:188:8:188:Infinity":73,"b:189:13:191:Infinity:undefined:undefined:undefined:undefined":18,"s:189:13:191:Infinity":74,"s:190:8:190:Infinity":75,"s:193:18:193:Infinity":76,"b:194:6:197:Infinity:undefined:undefined:undefined:undefined":19,"s:194:6:197:Infinity":77,"s:195:8:195:Infinity":78,"s:196:8:196:Infinity":79,"s:201:2:201:Infinity":80},"fnNames":{}}}
,"F:\\midfield-ai\\src\\utils\\stadiumFacts.js": {"path":"F:\\midfield-ai\\src\\utils\\stadiumFacts.js","statementMap":{"0":{"start":{"line":1,"column":29},"end":{"line":1,"column":null}}},"fnMap":{},"branchMap":{},"s":{"0":2},"f":{},"b":{},"meta":{"lastBranch":0,"lastFunction":0,"lastStatement":1,"seen":{"s:1:29:1:Infinity":0},"fnNames":{}}}
}
